<?xml version="1.0"?>
<!DOCTYPE coverage SYSTEM "http://cobertura.sourceforge.net/xml/coverage-04.dtd">

<coverage line-rate="0.8343558282208589" branch-rate="0.9722222222222222" lines-covered="136" lines-valid="163" branches-covered="70" branches-valid="72" complexity="3.25" version="2.1.1" timestamp="1588069807686">
	<sources>
		<source>--source</source>
		<source>/home/travis/build/A-Julien/devops/target/generated-sources/annotations</source>
		<source>/home/travis/build/A-Julien/devops/src/main/java</source>
	</sources>
	<packages>
		<package name="Exception" line-rate="1.0" branch-rate="1.0" complexity="1.0">
			<classes>
				<class name="Exception.CsvException" filename="Exception/CsvException.java" line-rate="1.0" branch-rate="1.0" complexity="1.0">
					<methods>
						<method name="&lt;init&gt;" signature="(Ljava/lang/String;)V" line-rate="1.0" branch-rate="1.0" complexity="0">
							<lines>
								<line number="6" hits="1" branch="false"/>
								<line number="7" hits="1" branch="false"/>
							</lines>
						</method>
					</methods>
					<lines>
						<line number="6" hits="1" branch="false"/>
						<line number="7" hits="1" branch="false"/>
					</lines>
				</class>
				<class name="Exception.FrameOutOfBound" filename="Exception/FrameOutOfBound.java" line-rate="1.0" branch-rate="1.0" complexity="1.0">
					<methods>
						<method name="&lt;init&gt;" signature="(Ljava/lang/String;)V" line-rate="1.0" branch-rate="1.0" complexity="0">
							<lines>
								<line number="7" hits="1" branch="false"/>
								<line number="8" hits="1" branch="false"/>
							</lines>
						</method>
					</methods>
					<lines>
						<line number="7" hits="1" branch="false"/>
						<line number="8" hits="1" branch="false"/>
					</lines>
				</class>
				<class name="Exception.IndexException" filename="Exception/IndexException.java" line-rate="1.0" branch-rate="1.0" complexity="1.0">
					<methods>
						<method name="&lt;init&gt;" signature="(Ljava/lang/String;)V" line-rate="1.0" branch-rate="1.0" complexity="0">
							<lines>
								<line number="7" hits="1" branch="false"/>
								<line number="8" hits="1" branch="false"/>
							</lines>
						</method>
					</methods>
					<lines>
						<line number="7" hits="1" branch="false"/>
						<line number="8" hits="1" branch="false"/>
					</lines>
				</class>
			</classes>
		</package>
		<package name="com" line-rate="0.8280254777070064" branch-rate="0.9722222222222222" complexity="3.6470588235294117">
			<classes>
				<class name="com.Dframe" filename="com/Dframe.java" line-rate="0.9701492537313433" branch-rate="0.9722222222222222" complexity="3.8125">
					<methods>
						<method name="&lt;init&gt;" signature="(II)V" line-rate="1.0" branch-rate="1.0" complexity="0">
							<lines>
								<line number="19" hits="2" branch="false"/>
								<line number="20" hits="2" branch="false"/>
								<line number="21" hits="2" branch="false"/>
								<line number="22" hits="2" branch="false"/>
								<line number="23" hits="2" branch="false"/>
							</lines>
						</method>
						<method name="&lt;init&gt;" signature="(Ljava/lang/String;)V" line-rate="0.9285714285714286" branch-rate="0.9166666666666666" complexity="0">
							<lines>
								<line number="57" hits="2" branch="false"/>
								<line number="59" hits="2" branch="false"/>
								<line number="60" hits="2" branch="false"/>
								<line number="61" hits="2" branch="false"/>
								<line number="62" hits="2" branch="false"/>
								<line number="66" hits="2" branch="false"/>
								<line number="67" hits="5" branch="true" condition-coverage="100% (2/2)">
									<conditions>
										<condition number="0" type="jump" coverage="100%"/>
									</conditions>
								</line>
								<line number="68" hits="4" branch="false"/>
								<line number="69" hits="4" branch="false"/>
								<line number="70" hits="4" branch="false"/>
								<line number="72" hits="1" branch="false"/>
								<line number="73" hits="4" branch="true" condition-coverage="100% (2/2)">
									<conditions>
										<condition number="0" type="jump" coverage="100%"/>
									</conditions>
								</line>
								<line number="74" hits="3" branch="false"/>
								<line number="76" hits="1" branch="false"/>
								<line number="77" hits="4" branch="true" condition-coverage="100% (2/2)">
									<conditions>
										<condition number="0" type="jump" coverage="100%"/>
									</conditions>
								</line>
								<line number="78" hits="3" branch="false"/>
								<line number="80" hits="1" branch="false"/>
								<line number="81" hits="4" branch="true" condition-coverage="100% (2/2)">
									<conditions>
										<condition number="0" type="jump" coverage="100%"/>
									</conditions>
								</line>
								<line number="82" hits="12" branch="true" condition-coverage="100% (2/2)">
									<conditions>
										<condition number="0" type="jump" coverage="100%"/>
									</conditions>
								</line>
								<line number="83" hits="9" branch="false"/>
								<line number="87" hits="1" branch="false"/>
								<line number="88" hits="1" branch="false"/>
								<line number="90" hits="2" branch="true" condition-coverage="50% (1/2)">
									<conditions>
										<condition number="0" type="jump" coverage="50%"/>
									</conditions>
								</line>
								<line number="92" hits="1" branch="false"/>
								<line number="93" hits="0" branch="false"/>
								<line number="94" hits="0" branch="false"/>
								<line number="95" hits="1" branch="false"/>
								<line number="98" hits="1" branch="false"/>
							</lines>
						</method>
						<method name="&lt;init&gt;" signature="([[Ljava/lang/Object;)V" line-rate="1.0" branch-rate="1.0" complexity="0">
							<lines>
								<line number="30" hits="13" branch="false"/>
								<line number="31" hits="13" branch="false"/>
								<line number="32" hits="13" branch="false"/>
								<line number="33" hits="13" branch="false"/>
								<line number="34" hits="13" branch="false"/>
								<line number="35" hits="13" branch="false"/>
								<line number="37" hits="52" branch="true" condition-coverage="100% (2/2)">
									<conditions>
										<condition number="0" type="jump" coverage="100%"/>
									</conditions>
								</line>
								<line number="38" hits="39" branch="false"/>
								<line number="41" hits="52" branch="true" condition-coverage="100% (2/2)">
									<conditions>
										<condition number="0" type="jump" coverage="100%"/>
									</conditions>
								</line>
								<line number="42" hits="39" branch="false"/>
								<line number="45" hits="52" branch="true" condition-coverage="100% (2/2)">
									<conditions>
										<condition number="0" type="jump" coverage="100%"/>
									</conditions>
								</line>
								<line number="46" hits="156" branch="true" condition-coverage="100% (2/2)">
									<conditions>
										<condition number="0" type="jump" coverage="100%"/>
									</conditions>
								</line>
								<line number="47" hits="117" branch="false"/>
								<line number="50" hits="13" branch="false"/>
							</lines>
						</method>
						<method name="find" signature="(Ljava/lang/String;)I" line-rate="1.0" branch-rate="1.0" complexity="0">
							<lines>
								<line number="225" hits="8" branch="false"/>
								<line number="226" hits="32" branch="true" condition-coverage="100% (2/2)">
									<conditions>
										<condition number="0" type="jump" coverage="100%"/>
									</conditions>
								</line>
								<line number="227" hits="24" branch="true" condition-coverage="100% (2/2)">
									<conditions>
										<condition number="0" type="jump" coverage="100%"/>
									</conditions>
								</line>
								<line number="228" hits="4" branch="false"/>
								<line number="230" hits="8" branch="false"/>
							</lines>
						</method>
						<method name="getColumns" signature="()[Ljava/lang/String;" line-rate="1.0" branch-rate="1.0" complexity="0">
							<lines>
								<line number="115" hits="1" branch="false"/>
							</lines>
						</method>
						<method name="getData" signature="()[[Ljava/lang/Object;" line-rate="1.0" branch-rate="1.0" complexity="0">
							<lines>
								<line number="304" hits="3" branch="false"/>
							</lines>
						</method>
						<method name="getIndex" signature="()[Ljava/lang/String;" line-rate="0.0" branch-rate="1.0" complexity="0">
							<lines>
								<line number="106" hits="0" branch="false"/>
							</lines>
						</method>
						<method name="head" signature="(I)Ljava/lang/String;" line-rate="1.0" branch-rate="1.0" complexity="0">
							<lines>
								<line number="126" hits="5" branch="false"/>
								<line number="127" hits="5" branch="true" condition-coverage="100% (2/2)">
									<conditions>
										<condition number="0" type="jump" coverage="100%"/>
									</conditions>
								</line>
								<line number="129" hits="5" branch="false"/>
								<line number="130" hits="11" branch="true" condition-coverage="100% (2/2)">
									<conditions>
										<condition number="0" type="jump" coverage="100%"/>
									</conditions>
								</line>
								<line number="131" hits="6" branch="false"/>
								<line number="132" hits="24" branch="true" condition-coverage="100% (2/2)">
									<conditions>
										<condition number="0" type="jump" coverage="100%"/>
									</conditions>
								</line>
								<line number="133" hits="18" branch="false"/>
								<line number="134" hits="6" branch="false"/>
								<line number="136" hits="5" branch="false"/>
								<line number="137" hits="5" branch="false"/>
							</lines>
						</method>
						<method name="iloc" signature="(I)Lcom/Dframe;" line-rate="1.0" branch-rate="1.0" complexity="0">
							<lines>
								<line number="208" hits="2" branch="true" condition-coverage="100% (2/2)">
									<conditions>
										<condition number="0" type="jump" coverage="100%"/>
									</conditions>
								</line>
								<line number="209" hits="1" branch="false"/>
								<line number="211" hits="1" branch="false"/>
								<line number="212" hits="4" branch="true" condition-coverage="100% (2/2)">
									<conditions>
										<condition number="0" type="jump" coverage="100%"/>
									</conditions>
								</line>
								<line number="213" hits="3" branch="false"/>
								<line number="214" hits="3" branch="false"/>
								<line number="216" hits="1" branch="false"/>
							</lines>
						</method>
						<method name="loc" signature="(Ljava/lang/String;)Lcom/Dframe;" line-rate="1.0" branch-rate="1.0" complexity="0">
							<lines>
								<line number="242" hits="2" branch="false"/>
								<line number="243" hits="2" branch="true" condition-coverage="100% (2/2)">
									<conditions>
										<condition number="0" type="jump" coverage="100%"/>
									</conditions>
								</line>
								<line number="244" hits="1" branch="false"/>
								<line number="245" hits="1" branch="false"/>
								<line number="246" hits="4" branch="true" condition-coverage="100% (2/2)">
									<conditions>
										<condition number="0" type="jump" coverage="100%"/>
									</conditions>
								</line>
								<line number="247" hits="3" branch="false"/>
								<line number="248" hits="3" branch="false"/>
								<line number="250" hits="1" branch="false"/>
							</lines>
						</method>
						<method name="max" signature="(Ljava/lang/String;)F" line-rate="0.875" branch-rate="0.8333333333333334" complexity="0">
							<lines>
								<line number="292" hits="2" branch="false"/>
								<line number="293" hits="2" branch="true" condition-coverage="100% (2/2)">
									<conditions>
										<condition number="0" type="jump" coverage="100%"/>
									</conditions>
								</line>
								<line number="294" hits="1" branch="false"/>
								<line number="295" hits="1" branch="false"/>
								<line number="296" hits="3" branch="true" condition-coverage="100% (2/2)">
									<conditions>
										<condition number="0" type="jump" coverage="100%"/>
									</conditions>
								</line>
								<line number="297" hits="2" branch="true" condition-coverage="50% (1/2)">
									<conditions>
										<condition number="0" type="jump" coverage="50%"/>
									</conditions>
								</line>
								<line number="298" hits="0" branch="false"/>
								<line number="300" hits="1" branch="false"/>
							</lines>
						</method>
						<method name="mean" signature="(Ljava/lang/String;)F" line-rate="1.0" branch-rate="1.0" complexity="0">
							<lines>
								<line number="259" hits="2" branch="false"/>
								<line number="260" hits="2" branch="true" condition-coverage="100% (2/2)">
									<conditions>
										<condition number="0" type="jump" coverage="100%"/>
									</conditions>
								</line>
								<line number="261" hits="1" branch="false"/>
								<line number="262" hits="1" branch="false"/>
								<line number="263" hits="4" branch="true" condition-coverage="100% (2/2)">
									<conditions>
										<condition number="0" type="jump" coverage="100%"/>
									</conditions>
								</line>
								<line number="264" hits="3" branch="false"/>
								<line number="266" hits="1" branch="false"/>
							</lines>
						</method>
						<method name="min" signature="(Ljava/lang/String;)F" line-rate="1.0" branch-rate="1.0" complexity="0">
							<lines>
								<line number="275" hits="2" branch="false"/>
								<line number="276" hits="2" branch="true" condition-coverage="100% (2/2)">
									<conditions>
										<condition number="0" type="jump" coverage="100%"/>
									</conditions>
								</line>
								<line number="277" hits="1" branch="false"/>
								<line number="278" hits="1" branch="false"/>
								<line number="279" hits="3" branch="true" condition-coverage="100% (2/2)">
									<conditions>
										<condition number="0" type="jump" coverage="100%"/>
									</conditions>
								</line>
								<line number="280" hits="2" branch="true" condition-coverage="100% (2/2)">
									<conditions>
										<condition number="0" type="jump" coverage="100%"/>
									</conditions>
								</line>
								<line number="281" hits="1" branch="false"/>
								<line number="283" hits="1" branch="false"/>
							</lines>
						</method>
						<method name="tail" signature="(I)Ljava/lang/String;" line-rate="1.0" branch-rate="1.0" complexity="0">
							<lines>
								<line number="148" hits="5" branch="false"/>
								<line number="149" hits="5" branch="true" condition-coverage="100% (2/2)">
									<conditions>
										<condition number="0" type="jump" coverage="100%"/>
									</conditions>
								</line>
								<line number="151" hits="5" branch="false"/>
								<line number="152" hits="11" branch="true" condition-coverage="100% (2/2)">
									<conditions>
										<condition number="0" type="jump" coverage="100%"/>
									</conditions>
								</line>
								<line number="153" hits="6" branch="false"/>
								<line number="154" hits="24" branch="true" condition-coverage="100% (2/2)">
									<conditions>
										<condition number="0" type="jump" coverage="100%"/>
									</conditions>
								</line>
								<line number="155" hits="18" branch="false"/>
								<line number="156" hits="6" branch="false"/>
								<line number="158" hits="5" branch="false"/>
								<line number="159" hits="5" branch="false"/>
							</lines>
						</method>
						<method name="toString" signature="()Ljava/lang/String;" line-rate="1.0" branch-rate="1.0" complexity="0">
							<lines>
								<line number="168" hits="1" branch="false"/>
								<line number="169" hits="4" branch="true" condition-coverage="100% (2/2)">
									<conditions>
										<condition number="0" type="jump" coverage="100%"/>
									</conditions>
								</line>
								<line number="170" hits="3" branch="false"/>
								<line number="171" hits="1" branch="false"/>
								<line number="172" hits="2" branch="true" condition-coverage="100% (2/2)">
									<conditions>
										<condition number="0" type="jump" coverage="100%"/>
									</conditions>
								</line>
								<line number="173" hits="1" branch="false"/>
								<line number="174" hits="4" branch="true" condition-coverage="100% (2/2)">
									<conditions>
										<condition number="0" type="jump" coverage="100%"/>
									</conditions>
								</line>
								<line number="175" hits="3" branch="false"/>
								<line number="176" hits="1" branch="false"/>
								<line number="178" hits="1" branch="false"/>
								<line number="179" hits="1" branch="false"/>
							</lines>
						</method>
						<method name="to_string" signature="()V" line-rate="1.0" branch-rate="1.0" complexity="0">
							<lines>
								<line number="186" hits="4" branch="true" condition-coverage="100% (2/2)">
									<conditions>
										<condition number="0" type="jump" coverage="100%"/>
									</conditions>
								</line>
								<line number="187" hits="3" branch="false"/>
								<line number="188" hits="1" branch="false"/>
								<line number="189" hits="4" branch="true" condition-coverage="100% (2/2)">
									<conditions>
										<condition number="0" type="jump" coverage="100%"/>
									</conditions>
								</line>
								<line number="190" hits="3" branch="false"/>
								<line number="191" hits="12" branch="true" condition-coverage="100% (2/2)">
									<conditions>
										<condition number="0" type="jump" coverage="100%"/>
									</conditions>
								</line>
								<line number="192" hits="9" branch="false"/>
								<line number="193" hits="3" branch="false"/>
								<line number="195" hits="1" branch="false"/>
								<line number="196" hits="1" branch="false"/>
							</lines>
						</method>
					</methods>
					<lines>
						<line number="19" hits="2" branch="false"/>
						<line number="20" hits="2" branch="false"/>
						<line number="21" hits="2" branch="false"/>
						<line number="22" hits="2" branch="false"/>
						<line number="23" hits="2" branch="false"/>
						<line number="30" hits="13" branch="false"/>
						<line number="31" hits="13" branch="false"/>
						<line number="32" hits="13" branch="false"/>
						<line number="33" hits="13" branch="false"/>
						<line number="34" hits="13" branch="false"/>
						<line number="35" hits="13" branch="false"/>
						<line number="37" hits="52" branch="true" condition-coverage="100% (2/2)">
							<conditions>
								<condition number="0" type="jump" coverage="100%"/>
							</conditions>
						</line>
						<line number="38" hits="39" branch="false"/>
						<line number="41" hits="52" branch="true" condition-coverage="100% (2/2)">
							<conditions>
								<condition number="0" type="jump" coverage="100%"/>
							</conditions>
						</line>
						<line number="42" hits="39" branch="false"/>
						<line number="45" hits="52" branch="true" condition-coverage="100% (2/2)">
							<conditions>
								<condition number="0" type="jump" coverage="100%"/>
							</conditions>
						</line>
						<line number="46" hits="156" branch="true" condition-coverage="100% (2/2)">
							<conditions>
								<condition number="0" type="jump" coverage="100%"/>
							</conditions>
						</line>
						<line number="47" hits="117" branch="false"/>
						<line number="50" hits="13" branch="false"/>
						<line number="57" hits="2" branch="false"/>
						<line number="59" hits="2" branch="false"/>
						<line number="60" hits="2" branch="false"/>
						<line number="61" hits="2" branch="false"/>
						<line number="62" hits="2" branch="false"/>
						<line number="66" hits="2" branch="false"/>
						<line number="67" hits="5" branch="true" condition-coverage="100% (2/2)">
							<conditions>
								<condition number="0" type="jump" coverage="100%"/>
							</conditions>
						</line>
						<line number="68" hits="4" branch="false"/>
						<line number="69" hits="4" branch="false"/>
						<line number="70" hits="4" branch="false"/>
						<line number="72" hits="1" branch="false"/>
						<line number="73" hits="4" branch="true" condition-coverage="100% (2/2)">
							<conditions>
								<condition number="0" type="jump" coverage="100%"/>
							</conditions>
						</line>
						<line number="74" hits="3" branch="false"/>
						<line number="76" hits="1" branch="false"/>
						<line number="77" hits="4" branch="true" condition-coverage="100% (2/2)">
							<conditions>
								<condition number="0" type="jump" coverage="100%"/>
							</conditions>
						</line>
						<line number="78" hits="3" branch="false"/>
						<line number="80" hits="1" branch="false"/>
						<line number="81" hits="4" branch="true" condition-coverage="100% (2/2)">
							<conditions>
								<condition number="0" type="jump" coverage="100%"/>
							</conditions>
						</line>
						<line number="82" hits="12" branch="true" condition-coverage="100% (2/2)">
							<conditions>
								<condition number="0" type="jump" coverage="100%"/>
							</conditions>
						</line>
						<line number="83" hits="9" branch="false"/>
						<line number="87" hits="1" branch="false"/>
						<line number="88" hits="1" branch="false"/>
						<line number="90" hits="2" branch="true" condition-coverage="50% (1/2)">
							<conditions>
								<condition number="0" type="jump" coverage="50%"/>
							</conditions>
						</line>
						<line number="92" hits="1" branch="false"/>
						<line number="93" hits="0" branch="false"/>
						<line number="94" hits="0" branch="false"/>
						<line number="95" hits="1" branch="false"/>
						<line number="98" hits="1" branch="false"/>
						<line number="106" hits="0" branch="false"/>
						<line number="115" hits="1" branch="false"/>
						<line number="126" hits="5" branch="false"/>
						<line number="127" hits="5" branch="true" condition-coverage="100% (2/2)">
							<conditions>
								<condition number="0" type="jump" coverage="100%"/>
							</conditions>
						</line>
						<line number="129" hits="5" branch="false"/>
						<line number="130" hits="11" branch="true" condition-coverage="100% (2/2)">
							<conditions>
								<condition number="0" type="jump" coverage="100%"/>
							</conditions>
						</line>
						<line number="131" hits="6" branch="false"/>
						<line number="132" hits="24" branch="true" condition-coverage="100% (2/2)">
							<conditions>
								<condition number="0" type="jump" coverage="100%"/>
							</conditions>
						</line>
						<line number="133" hits="18" branch="false"/>
						<line number="134" hits="6" branch="false"/>
						<line number="136" hits="5" branch="false"/>
						<line number="137" hits="5" branch="false"/>
						<line number="148" hits="5" branch="false"/>
						<line number="149" hits="5" branch="true" condition-coverage="100% (2/2)">
							<conditions>
								<condition number="0" type="jump" coverage="100%"/>
							</conditions>
						</line>
						<line number="151" hits="5" branch="false"/>
						<line number="152" hits="11" branch="true" condition-coverage="100% (2/2)">
							<conditions>
								<condition number="0" type="jump" coverage="100%"/>
							</conditions>
						</line>
						<line number="153" hits="6" branch="false"/>
						<line number="154" hits="24" branch="true" condition-coverage="100% (2/2)">
							<conditions>
								<condition number="0" type="jump" coverage="100%"/>
							</conditions>
						</line>
						<line number="155" hits="18" branch="false"/>
						<line number="156" hits="6" branch="false"/>
						<line number="158" hits="5" branch="false"/>
						<line number="159" hits="5" branch="false"/>
						<line number="168" hits="1" branch="false"/>
						<line number="169" hits="4" branch="true" condition-coverage="100% (2/2)">
							<conditions>
								<condition number="0" type="jump" coverage="100%"/>
							</conditions>
						</line>
						<line number="170" hits="3" branch="false"/>
						<line number="171" hits="1" branch="false"/>
						<line number="172" hits="2" branch="true" condition-coverage="100% (2/2)">
							<conditions>
								<condition number="0" type="jump" coverage="100%"/>
							</conditions>
						</line>
						<line number="173" hits="1" branch="false"/>
						<line number="174" hits="4" branch="true" condition-coverage="100% (2/2)">
							<conditions>
								<condition number="0" type="jump" coverage="100%"/>
							</conditions>
						</line>
						<line number="175" hits="3" branch="false"/>
						<line number="176" hits="1" branch="false"/>
						<line number="178" hits="1" branch="false"/>
						<line number="179" hits="1" branch="false"/>
						<line number="186" hits="4" branch="true" condition-coverage="100% (2/2)">
							<conditions>
								<condition number="0" type="jump" coverage="100%"/>
							</conditions>
						</line>
						<line number="187" hits="3" branch="false"/>
						<line number="188" hits="1" branch="false"/>
						<line number="189" hits="4" branch="true" condition-coverage="100% (2/2)">
							<conditions>
								<condition number="0" type="jump" coverage="100%"/>
							</conditions>
						</line>
						<line number="190" hits="3" branch="false"/>
						<line number="191" hits="12" branch="true" condition-coverage="100% (2/2)">
							<conditions>
								<condition number="0" type="jump" coverage="100%"/>
							</conditions>
						</line>
						<line number="192" hits="9" branch="false"/>
						<line number="193" hits="3" branch="false"/>
						<line number="195" hits="1" branch="false"/>
						<line number="196" hits="1" branch="false"/>
						<line number="208" hits="2" branch="true" condition-coverage="100% (2/2)">
							<conditions>
								<condition number="0" type="jump" coverage="100%"/>
							</conditions>
						</line>
						<line number="209" hits="1" branch="false"/>
						<line number="211" hits="1" branch="false"/>
						<line number="212" hits="4" branch="true" condition-coverage="100% (2/2)">
							<conditions>
								<condition number="0" type="jump" coverage="100%"/>
							</conditions>
						</line>
						<line number="213" hits="3" branch="false"/>
						<line number="214" hits="3" branch="false"/>
						<line number="216" hits="1" branch="false"/>
						<line number="225" hits="8" branch="false"/>
						<line number="226" hits="32" branch="true" condition-coverage="100% (2/2)">
							<conditions>
								<condition number="0" type="jump" coverage="100%"/>
							</conditions>
						</line>
						<line number="227" hits="24" branch="true" condition-coverage="100% (2/2)">
							<conditions>
								<condition number="0" type="jump" coverage="100%"/>
							</conditions>
						</line>
						<line number="228" hits="4" branch="false"/>
						<line number="230" hits="8" branch="false"/>
						<line number="242" hits="2" branch="false"/>
						<line number="243" hits="2" branch="true" condition-coverage="100% (2/2)">
							<conditions>
								<condition number="0" type="jump" coverage="100%"/>
							</conditions>
						</line>
						<line number="244" hits="1" branch="false"/>
						<line number="245" hits="1" branch="false"/>
						<line number="246" hits="4" branch="true" condition-coverage="100% (2/2)">
							<conditions>
								<condition number="0" type="jump" coverage="100%"/>
							</conditions>
						</line>
						<line number="247" hits="3" branch="false"/>
						<line number="248" hits="3" branch="false"/>
						<line number="250" hits="1" branch="false"/>
						<line number="259" hits="2" branch="false"/>
						<line number="260" hits="2" branch="true" condition-coverage="100% (2/2)">
							<conditions>
								<condition number="0" type="jump" coverage="100%"/>
							</conditions>
						</line>
						<line number="261" hits="1" branch="false"/>
						<line number="262" hits="1" branch="false"/>
						<line number="263" hits="4" branch="true" condition-coverage="100% (2/2)">
							<conditions>
								<condition number="0" type="jump" coverage="100%"/>
							</conditions>
						</line>
						<line number="264" hits="3" branch="false"/>
						<line number="266" hits="1" branch="false"/>
						<line number="275" hits="2" branch="false"/>
						<line number="276" hits="2" branch="true" condition-coverage="100% (2/2)">
							<conditions>
								<condition number="0" type="jump" coverage="100%"/>
							</conditions>
						</line>
						<line number="277" hits="1" branch="false"/>
						<line number="278" hits="1" branch="false"/>
						<line number="279" hits="3" branch="true" condition-coverage="100% (2/2)">
							<conditions>
								<condition number="0" type="jump" coverage="100%"/>
							</conditions>
						</line>
						<line number="280" hits="2" branch="true" condition-coverage="100% (2/2)">
							<conditions>
								<condition number="0" type="jump" coverage="100%"/>
							</conditions>
						</line>
						<line number="281" hits="1" branch="false"/>
						<line number="283" hits="1" branch="false"/>
						<line number="292" hits="2" branch="false"/>
						<line number="293" hits="2" branch="true" condition-coverage="100% (2/2)">
							<conditions>
								<condition number="0" type="jump" coverage="100%"/>
							</conditions>
						</line>
						<line number="294" hits="1" branch="false"/>
						<line number="295" hits="1" branch="false"/>
						<line number="296" hits="3" branch="true" condition-coverage="100% (2/2)">
							<conditions>
								<condition number="0" type="jump" coverage="100%"/>
							</conditions>
						</line>
						<line number="297" hits="2" branch="true" condition-coverage="50% (1/2)">
							<conditions>
								<condition number="0" type="jump" coverage="50%"/>
							</conditions>
						</line>
						<line number="298" hits="0" branch="false"/>
						<line number="300" hits="1" branch="false"/>
						<line number="304" hits="3" branch="false"/>
					</lines>
				</class>
				<class name="com.Main" filename="com/Main.java" line-rate="0.0" branch-rate="1.0" complexity="1.0">
					<methods>
						<method name="&lt;init&gt;" signature="()V" line-rate="0.0" branch-rate="1.0" complexity="0">
							<lines>
								<line number="7" hits="0" branch="false"/>
							</lines>
						</method>
						<method name="main" signature="([Ljava/lang/String;)V" line-rate="0.0" branch-rate="1.0" complexity="0">
							<lines>
								<line number="9" hits="0" branch="false"/>
								<line number="14" hits="0" branch="false"/>
								<line number="15" hits="0" branch="false"/>
								<line number="16" hits="0" branch="false"/>
								<line number="18" hits="0" branch="false"/>
								<line number="19" hits="0" branch="false"/>
								<line number="20" hits="0" branch="false"/>
								<line number="22" hits="0" branch="false"/>
								<line number="23" hits="0" branch="false"/>
								<line number="25" hits="0" branch="false"/>
								<line number="26" hits="0" branch="false"/>
								<line number="29" hits="0" branch="false"/>
								<line number="30" hits="0" branch="false"/>
								<line number="31" hits="0" branch="false"/>
								<line number="33" hits="0" branch="false"/>
								<line number="34" hits="0" branch="false"/>
								<line number="35" hits="0" branch="false"/>
								<line number="37" hits="0" branch="false"/>
								<line number="38" hits="0" branch="false"/>
								<line number="39" hits="0" branch="false"/>
								<line number="40" hits="0" branch="false"/>
								<line number="41" hits="0" branch="false"/>
							</lines>
						</method>
					</methods>
					<lines>
						<line number="7" hits="0" branch="false"/>
						<line number="9" hits="0" branch="false"/>
						<line number="14" hits="0" branch="false"/>
						<line number="15" hits="0" branch="false"/>
						<line number="16" hits="0" branch="false"/>
						<line number="18" hits="0" branch="false"/>
						<line number="19" hits="0" branch="false"/>
						<line number="20" hits="0" branch="false"/>
						<line number="22" hits="0" branch="false"/>
						<line number="23" hits="0" branch="false"/>
						<line number="25" hits="0" branch="false"/>
						<line number="26" hits="0" branch="false"/>
						<line number="29" hits="0" branch="false"/>
						<line number="30" hits="0" branch="false"/>
						<line number="31" hits="0" branch="false"/>
						<line number="33" hits="0" branch="false"/>
						<line number="34" hits="0" branch="false"/>
						<line number="35" hits="0" branch="false"/>
						<line number="37" hits="0" branch="false"/>
						<line number="38" hits="0" branch="false"/>
						<line number="39" hits="0" branch="false"/>
						<line number="40" hits="0" branch="false"/>
						<line number="41" hits="0" branch="false"/>
					</lines>
				</class>
			</classes>
		</package>
	</packages>
</coverage>
