<?xml version="1.0" encoding="UTF-8" standalone="yes"?><!DOCTYPE report PUBLIC "-//JACOCO//DTD Report 1.1//EN" "report.dtd"><report name="devops"><sessioninfo id="localhost-b4d0d2e5" start="1587912702720" dump="1587912703552"/><sessioninfo id="localhost-f7b86f0b" start="1587912722030" dump="1587912723240"/><package name="com"><class name="com/Dframe" sourcefilename="Dframe.java"><method name="&lt;init&gt;" desc="(II)V" line="16"><counter type="INSTRUCTION" missed="0" covered="53"/><counter type="LINE" missed="0" covered="5"/><counter type="COMPLEXITY" missed="0" covered="1"/><counter type="METHOD" missed="0" covered="1"/></method><method name="&lt;init&gt;" desc="([[Ljava/lang/Object;)V" line="27"><counter type="INSTRUCTION" missed="0" covered="299"/><counter type="BRANCH" missed="0" covered="8"/><counter type="LINE" missed="0" covered="14"/><counter type="COMPLEXITY" missed="0" covered="5"/><counter type="METHOD" missed="0" covered="1"/></method><method name="&lt;init&gt;" desc="(Ljava/lang/String;)V" line="54"><counter type="INSTRUCTION" missed="57" covered="494"/><counter type="BRANCH" missed="2" covered="12"/><counter type="LINE" missed="1" covered="27"/><counter type="COMPLEXITY" missed="2" covered="6"/><counter type="METHOD" missed="0" covered="1"/></method><method name="getIndex" desc="()[Ljava/lang/String;" line="103"><counter type="INSTRUCTION" missed="12" covered="0"/><counter type="LINE" missed="1" covered="0"/><counter type="COMPLEXITY" missed="1" covered="0"/><counter type="METHOD" missed="1" covered="0"/></method><method name="getColumns" desc="()[Ljava/lang/String;" line="112"><counter type="INSTRUCTION" missed="0" covered="12"/><counter type="LINE" missed="0" covered="1"/><counter type="COMPLEXITY" missed="0" covered="1"/><counter type="METHOD" missed="0" covered="1"/></method><method name="head" desc="(I)Ljava/lang/String;" line="123"><counter type="INSTRUCTION" missed="0" covered="224"/><counter type="BRANCH" missed="0" covered="6"/><counter type="LINE" missed="0" covered="10"/><counter type="COMPLEXITY" missed="0" covered="4"/><counter type="METHOD" missed="0" covered="1"/></method><method name="tail" desc="(I)Ljava/lang/String;" line="145"><counter type="INSTRUCTION" missed="0" covered="230"/><counter type="BRANCH" missed="0" covered="6"/><counter type="LINE" missed="0" covered="10"/><counter type="COMPLEXITY" missed="0" covered="4"/><counter type="METHOD" missed="0" covered="1"/></method><method name="toString" desc="()Ljava/lang/String;" line="165"><counter type="INSTRUCTION" missed="0" covered="240"/><counter type="BRANCH" missed="0" covered="6"/><counter type="LINE" missed="0" covered="11"/><counter type="COMPLEXITY" missed="0" covered="4"/><counter type="METHOD" missed="0" covered="1"/></method><method name="to_string" desc="()V" line="183"><counter type="INSTRUCTION" missed="0" covered="233"/><counter type="BRANCH" missed="0" covered="6"/><counter type="LINE" missed="0" covered="10"/><counter type="COMPLEXITY" missed="0" covered="4"/><counter type="METHOD" missed="0" covered="1"/></method><method name="iloc" desc="(I)Lcom/Dframe;" line="205"><counter type="INSTRUCTION" missed="0" covered="152"/><counter type="BRANCH" missed="0" covered="4"/><counter type="LINE" missed="0" covered="7"/><counter type="COMPLEXITY" missed="0" covered="3"/><counter type="METHOD" missed="0" covered="1"/></method><method name="loc" desc="(Ljava/lang/String;)Lcom/Dframe;" line="225"><counter type="INSTRUCTION" missed="0" covered="249"/><counter type="BRANCH" missed="0" covered="8"/><counter type="LINE" missed="0" covered="12"/><counter type="COMPLEXITY" missed="0" covered="5"/><counter type="METHOD" missed="0" covered="1"/></method><method name="&lt;clinit&gt;" desc="()V"><counter type="INSTRUCTION" missed="0" covered="2"/><counter type="COMPLEXITY" missed="0" covered="1"/><counter type="METHOD" missed="0" covered="1"/></method><method name="__cobertura_init" desc="()V"><counter type="INSTRUCTION" missed="0" covered="8"/><counter type="BRANCH" missed="1" covered="1"/><counter type="COMPLEXITY" missed="1" covered="1"/><counter type="METHOD" missed="0" covered="1"/></method><method name="__cobertura_classmap_0" desc="(Lnet/sourceforge/cobertura/coveragedata/LightClassmapListener;)V"><counter type="INSTRUCTION" missed="935" covered="0"/><counter type="COMPLEXITY" missed="1" covered="0"/><counter type="METHOD" missed="1" covered="0"/></method><method name="__cobertura_classmap" desc="(Lnet/sourceforge/cobertura/coveragedata/LightClassmapListener;)V"><counter type="INSTRUCTION" missed="11" covered="0"/><counter type="COMPLEXITY" missed="1" covered="0"/><counter type="METHOD" missed="1" covered="0"/></method><method name="__cobertura_get_and_reset_counters" desc="()[I"><counter type="INSTRUCTION" missed="8" covered="0"/><counter type="COMPLEXITY" missed="1" covered="0"/><counter type="METHOD" missed="1" covered="0"/></method><counter type="INSTRUCTION" missed="1023" covered="2196"/><counter type="BRANCH" missed="3" covered="57"/><counter type="LINE" missed="2" covered="107"/><counter type="COMPLEXITY" missed="7" covered="39"/><counter type="METHOD" missed="4" covered="12"/><counter type="CLASS" missed="0" covered="1"/></class><sourcefile name="Dframe.java"><line nr="16" mi="0" ci="9" mb="0" cb="0"/><line nr="17" mi="0" ci="11" mb="0" cb="0"/><line nr="18" mi="0" ci="11" mb="0" cb="0"/><line nr="19" mi="0" ci="12" mb="0" cb="0"/><line nr="20" mi="0" ci="8" mb="0" cb="0"/><line nr="27" mi="0" ci="9" mb="0" cb="0"/><line nr="28" mi="0" ci="12" mb="0" cb="0"/><line nr="29" mi="0" ci="12" mb="0" cb="0"/><line nr="30" mi="0" ci="11" mb="0" cb="0"/><line nr="31" mi="0" ci="11" mb="0" cb="0"/><line nr="32" mi="0" ci="12" mb="0" cb="0"/><line nr="34" mi="0" ci="32" mb="0" cb="2"/><line nr="35" mi="0" ci="19" mb="0" cb="0"/><line nr="38" mi="0" ci="41" mb="0" cb="2"/><line nr="39" mi="0" ci="17" mb="0" cb="0"/><line nr="42" mi="0" ci="50" mb="0" cb="2"/><line nr="43" mi="0" ci="32" mb="0" cb="2"/><line nr="44" mi="0" ci="22" mb="0" cb="0"/><line nr="47" mi="0" ci="17" mb="0" cb="0"/><line nr="54" mi="0" ci="9" mb="0" cb="0"/><line nr="56" mi="0" ci="9" mb="0" cb="0"/><line nr="57" mi="0" ci="9" mb="0" cb="0"/><line nr="58" mi="0" ci="9" mb="0" cb="0"/><line nr="59" mi="0" ci="11" mb="0" cb="0"/><line nr="63" mi="0" ci="15" mb="0" cb="0"/><line nr="64" mi="0" ci="23" mb="0" cb="2"/><line nr="65" mi="0" ci="11" mb="0" cb="0"/><line nr="66" mi="0" ci="12" mb="0" cb="0"/><line nr="67" mi="0" ci="8" mb="0" cb="0"/><line nr="69" mi="0" ci="24" mb="0" cb="0"/><line nr="70" mi="0" ci="36" mb="0" cb="2"/><line nr="71" mi="0" ci="18" mb="0" cb="0"/><line nr="73" mi="0" ci="23" mb="0" cb="0"/><line nr="74" mi="0" ci="35" mb="0" cb="2"/><line nr="75" mi="0" ci="20" mb="0" cb="0"/><line nr="77" mi="0" ci="25" mb="0" cb="0"/><line nr="78" mi="0" ci="43" mb="0" cb="2"/><line nr="79" mi="0" ci="34" mb="0" cb="2"/><line nr="80" mi="0" ci="23" mb="0" cb="0"/><line nr="84" mi="0" ci="8" mb="0" cb="0"/><line nr="85" mi="0" ci="12" mb="0" cb="0"/><line nr="87" mi="0" ci="39" mb="2" cb="2"/><line nr="89" mi="9" ci="9" mb="0" cb="0"/><line nr="90" mi="16" ci="0" mb="0" cb="0"/><line nr="91" mi="24" ci="2" mb="0" cb="0"/><line nr="92" mi="8" ci="8" mb="0" cb="0"/><line nr="95" mi="0" ci="17" mb="0" cb="0"/><line nr="103" mi="10" ci="0" mb="0" cb="0"/><line nr="112" mi="0" ci="10" mb="0" cb="0"/><line nr="123" mi="0" ci="11" mb="0" cb="0"/><line nr="124" mi="0" ci="41" mb="0" cb="2"/><line nr="126" mi="0" ci="20" mb="0" cb="0"/><line nr="127" mi="0" ci="32" mb="0" cb="2"/><line nr="128" mi="0" ci="16" mb="0" cb="0"/><line nr="129" mi="0" ci="34" mb="0" cb="2"/><line nr="130" mi="0" ci="18" mb="0" cb="0"/><line nr="131" mi="0" ci="20" mb="0" cb="0"/><line nr="133" mi="0" ci="20" mb="0" cb="0"/><line nr="134" mi="0" ci="10" mb="0" cb="0"/><line nr="145" mi="0" ci="11" mb="0" cb="0"/><line nr="146" mi="0" ci="41" mb="0" cb="2"/><line nr="148" mi="0" ci="20" mb="0" cb="0"/><line nr="149" mi="0" ci="38" mb="0" cb="2"/><line nr="150" mi="0" ci="16" mb="0" cb="0"/><line nr="151" mi="0" ci="34" mb="0" cb="2"/><line nr="152" mi="0" ci="18" mb="0" cb="0"/><line nr="153" mi="0" ci="20" mb="0" cb="0"/><line nr="155" mi="0" ci="20" mb="0" cb="0"/><line nr="156" mi="0" ci="10" mb="0" cb="0"/><line nr="165" mi="0" ci="11" mb="0" cb="0"/><line nr="166" mi="0" ci="42" mb="0" cb="2"/><line nr="167" mi="0" ci="13" mb="0" cb="0"/><line nr="168" mi="0" ci="20" mb="0" cb="0"/><line nr="169" mi="0" ci="34" mb="0" cb="2"/><line nr="170" mi="0" ci="16" mb="0" cb="0"/><line nr="171" mi="0" ci="34" mb="0" cb="2"/><line nr="172" mi="0" ci="18" mb="0" cb="0"/><line nr="173" mi="0" ci="20" mb="0" cb="0"/><line nr="175" mi="0" ci="20" mb="0" cb="0"/><line nr="176" mi="0" ci="10" mb="0" cb="0"/><line nr="183" mi="0" ci="42" mb="0" cb="2"/><line nr="184" mi="0" ci="17" mb="0" cb="0"/><line nr="185" mi="0" ci="18" mb="0" cb="0"/><line nr="186" mi="0" ci="34" mb="0" cb="2"/><line nr="187" mi="0" ci="20" mb="0" cb="0"/><line nr="188" mi="0" ci="34" mb="0" cb="2"/><line nr="189" mi="0" ci="22" mb="0" cb="0"/><line nr="190" mi="0" ci="18" mb="0" cb="0"/><line nr="192" mi="0" ci="18" mb="0" cb="0"/><line nr="193" mi="0" ci="8" mb="0" cb="0"/><line nr="205" mi="0" ci="25" mb="0" cb="2"/><line nr="206" mi="0" ci="24" mb="0" cb="0"/><line nr="208" mi="0" ci="15" mb="0" cb="0"/><line nr="209" mi="0" ci="34" mb="0" cb="2"/><line nr="210" mi="0" ci="15" mb="0" cb="0"/><line nr="211" mi="0" ci="19" mb="0" cb="0"/><line nr="213" mi="0" ci="18" mb="0" cb="0"/><line nr="225" mi="0" ci="9" mb="0" cb="0"/><line nr="226" mi="0" ci="43" mb="0" cb="2"/><line nr="227" mi="0" ci="25" mb="0" cb="2"/><line nr="228" mi="0" ci="9" mb="0" cb="0"/><line nr="230" mi="0" ci="30" mb="0" cb="2"/><line nr="231" mi="0" ci="9" mb="0" cb="0"/><line nr="232" mi="0" ci="24" mb="0" cb="0"/><line nr="233" mi="0" ci="12" mb="0" cb="0"/><line nr="234" mi="0" ci="34" mb="0" cb="2"/><line nr="235" mi="0" ci="15" mb="0" cb="0"/><line nr="236" mi="0" ci="19" mb="0" cb="0"/><line nr="238" mi="0" ci="18" mb="0" cb="0"/><counter type="INSTRUCTION" missed="1023" covered="2196"/><counter type="BRANCH" missed="3" covered="57"/><counter type="LINE" missed="2" covered="107"/><counter type="COMPLEXITY" missed="7" covered="39"/><counter type="METHOD" missed="4" covered="12"/><counter type="CLASS" missed="0" covered="1"/></sourcefile><counter type="INSTRUCTION" missed="1023" covered="2196"/><counter type="BRANCH" missed="3" covered="57"/><counter type="LINE" missed="2" covered="107"/><counter type="COMPLEXITY" missed="7" covered="39"/><counter type="METHOD" missed="4" covered="12"/><counter type="CLASS" missed="0" covered="1"/></package><counter type="INSTRUCTION" missed="1023" covered="2196"/><counter type="BRANCH" missed="3" covered="57"/><counter type="LINE" missed="2" covered="107"/><counter type="COMPLEXITY" missed="7" covered="39"/><counter type="METHOD" missed="4" covered="12"/><counter type="CLASS" missed="0" covered="1"/></report>