<?xml version="1.0" encoding="UTF-8" standalone="yes"?><!DOCTYPE report PUBLIC "-//JACOCO//DTD Report 1.1//EN" "report.dtd"><report name="devops"><sessioninfo id="localhost-622866f3" start="1587912016683" dump="1587912017737"/><sessioninfo id="localhost-87807fba" start="1587912034873" dump="1587912036165"/><package name="com"><class name="com/Dframe" sourcefilename="Dframe.java"><method name="&lt;init&gt;" desc="(II)V" line="18"><counter type="INSTRUCTION" missed="0" covered="53"/><counter type="LINE" missed="0" covered="5"/><counter type="COMPLEXITY" missed="0" covered="1"/><counter type="METHOD" missed="0" covered="1"/></method><method name="&lt;init&gt;" desc="([[Ljava/lang/Object;)V" line="29"><counter type="INSTRUCTION" missed="0" covered="299"/><counter type="BRANCH" missed="0" covered="8"/><counter type="LINE" missed="0" covered="14"/><counter type="COMPLEXITY" missed="0" covered="5"/><counter type="METHOD" missed="0" covered="1"/></method><method name="&lt;init&gt;" desc="(Ljava/lang/String;)V" line="56"><counter type="INSTRUCTION" missed="57" covered="494"/><counter type="BRANCH" missed="2" covered="12"/><counter type="LINE" missed="1" covered="27"/><counter type="COMPLEXITY" missed="2" covered="6"/><counter type="METHOD" missed="0" covered="1"/></method><method name="getIndex" desc="()[Ljava/lang/String;" line="100"><counter type="INSTRUCTION" missed="12" covered="0"/><counter type="LINE" missed="1" covered="0"/><counter type="COMPLEXITY" missed="1" covered="0"/><counter type="METHOD" missed="1" covered="0"/></method><method name="getColumns" desc="()[Ljava/lang/String;" line="109"><counter type="INSTRUCTION" missed="0" covered="12"/><counter type="LINE" missed="0" covered="1"/><counter type="COMPLEXITY" missed="0" covered="1"/><counter type="METHOD" missed="0" covered="1"/></method><method name="head" desc="(I)Ljava/lang/String;" line="120"><counter type="INSTRUCTION" missed="0" covered="224"/><counter type="BRANCH" missed="0" covered="6"/><counter type="LINE" missed="0" covered="10"/><counter type="COMPLEXITY" missed="0" covered="4"/><counter type="METHOD" missed="0" covered="1"/></method><method name="tail" desc="(I)Ljava/lang/String;" line="142"><counter type="INSTRUCTION" missed="0" covered="230"/><counter type="BRANCH" missed="0" covered="6"/><counter type="LINE" missed="0" covered="10"/><counter type="COMPLEXITY" missed="0" covered="4"/><counter type="METHOD" missed="0" covered="1"/></method><method name="toString" desc="()Ljava/lang/String;" line="162"><counter type="INSTRUCTION" missed="0" covered="240"/><counter type="BRANCH" missed="0" covered="6"/><counter type="LINE" missed="0" covered="11"/><counter type="COMPLEXITY" missed="0" covered="4"/><counter type="METHOD" missed="0" covered="1"/></method><method name="to_string" desc="()V" line="180"><counter type="INSTRUCTION" missed="0" covered="233"/><counter type="BRANCH" missed="0" covered="6"/><counter type="LINE" missed="0" covered="10"/><counter type="COMPLEXITY" missed="0" covered="4"/><counter type="METHOD" missed="0" covered="1"/></method><method name="iloc" desc="(I)Lcom/Dframe;" line="202"><counter type="INSTRUCTION" missed="0" covered="152"/><counter type="BRANCH" missed="0" covered="4"/><counter type="LINE" missed="0" covered="7"/><counter type="COMPLEXITY" missed="0" covered="3"/><counter type="METHOD" missed="0" covered="1"/></method><method name="loc" desc="(Ljava/lang/String;)Lcom/Dframe;" line="222"><counter type="INSTRUCTION" missed="0" covered="249"/><counter type="BRANCH" missed="0" covered="8"/><counter type="LINE" missed="0" covered="12"/><counter type="COMPLEXITY" missed="0" covered="5"/><counter type="METHOD" missed="0" covered="1"/></method><method name="&lt;clinit&gt;" desc="()V"><counter type="INSTRUCTION" missed="0" covered="2"/><counter type="COMPLEXITY" missed="0" covered="1"/><counter type="METHOD" missed="0" covered="1"/></method><method name="__cobertura_init" desc="()V"><counter type="INSTRUCTION" missed="0" covered="8"/><counter type="BRANCH" missed="1" covered="1"/><counter type="COMPLEXITY" missed="1" covered="1"/><counter type="METHOD" missed="0" covered="1"/></method><method name="__cobertura_classmap_0" desc="(Lnet/sourceforge/cobertura/coveragedata/LightClassmapListener;)V"><counter type="INSTRUCTION" missed="935" covered="0"/><counter type="COMPLEXITY" missed="1" covered="0"/><counter type="METHOD" missed="1" covered="0"/></method><method name="__cobertura_classmap" desc="(Lnet/sourceforge/cobertura/coveragedata/LightClassmapListener;)V"><counter type="INSTRUCTION" missed="11" covered="0"/><counter type="COMPLEXITY" missed="1" covered="0"/><counter type="METHOD" missed="1" covered="0"/></method><method name="__cobertura_get_and_reset_counters" desc="()[I"><counter type="INSTRUCTION" missed="8" covered="0"/><counter type="COMPLEXITY" missed="1" covered="0"/><counter type="METHOD" missed="1" covered="0"/></method><counter type="INSTRUCTION" missed="1023" covered="2196"/><counter type="BRANCH" missed="3" covered="57"/><counter type="LINE" missed="2" covered="107"/><counter type="COMPLEXITY" missed="7" covered="39"/><counter type="METHOD" missed="4" covered="12"/><counter type="CLASS" missed="0" covered="1"/></class><sourcefile name="Dframe.java"><line nr="18" mi="0" ci="9" mb="0" cb="0"/><line nr="19" mi="0" ci="11" mb="0" cb="0"/><line nr="20" mi="0" ci="11" mb="0" cb="0"/><line nr="21" mi="0" ci="12" mb="0" cb="0"/><line nr="22" mi="0" ci="8" mb="0" cb="0"/><line nr="29" mi="0" ci="9" mb="0" cb="0"/><line nr="30" mi="0" ci="12" mb="0" cb="0"/><line nr="31" mi="0" ci="12" mb="0" cb="0"/><line nr="32" mi="0" ci="11" mb="0" cb="0"/><line nr="33" mi="0" ci="11" mb="0" cb="0"/><line nr="34" mi="0" ci="12" mb="0" cb="0"/><line nr="36" mi="0" ci="32" mb="0" cb="2"/><line nr="37" mi="0" ci="19" mb="0" cb="0"/><line nr="40" mi="0" ci="41" mb="0" cb="2"/><line nr="41" mi="0" ci="17" mb="0" cb="0"/><line nr="44" mi="0" ci="50" mb="0" cb="2"/><line nr="45" mi="0" ci="32" mb="0" cb="2"/><line nr="46" mi="0" ci="22" mb="0" cb="0"/><line nr="49" mi="0" ci="17" mb="0" cb="0"/><line nr="56" mi="0" ci="9" mb="0" cb="0"/><line nr="58" mi="0" ci="9" mb="0" cb="0"/><line nr="59" mi="0" ci="9" mb="0" cb="0"/><line nr="60" mi="0" ci="9" mb="0" cb="0"/><line nr="61" mi="0" ci="11" mb="0" cb="0"/><line nr="65" mi="0" ci="15" mb="0" cb="0"/><line nr="66" mi="0" ci="23" mb="0" cb="2"/><line nr="67" mi="0" ci="11" mb="0" cb="0"/><line nr="68" mi="0" ci="12" mb="0" cb="0"/><line nr="69" mi="0" ci="8" mb="0" cb="0"/><line nr="71" mi="0" ci="24" mb="0" cb="0"/><line nr="72" mi="0" ci="36" mb="0" cb="2"/><line nr="73" mi="0" ci="18" mb="0" cb="0"/><line nr="75" mi="0" ci="23" mb="0" cb="0"/><line nr="76" mi="0" ci="35" mb="0" cb="2"/><line nr="77" mi="0" ci="20" mb="0" cb="0"/><line nr="79" mi="0" ci="25" mb="0" cb="0"/><line nr="80" mi="0" ci="43" mb="0" cb="2"/><line nr="81" mi="0" ci="34" mb="0" cb="2"/><line nr="82" mi="0" ci="23" mb="0" cb="0"/><line nr="86" mi="0" ci="8" mb="0" cb="0"/><line nr="87" mi="0" ci="12" mb="0" cb="0"/><line nr="89" mi="0" ci="39" mb="2" cb="2"/><line nr="91" mi="9" ci="9" mb="0" cb="0"/><line nr="92" mi="16" ci="0" mb="0" cb="0"/><line nr="93" mi="24" ci="2" mb="0" cb="0"/><line nr="94" mi="8" ci="8" mb="0" cb="0"/><line nr="97" mi="0" ci="17" mb="0" cb="0"/><line nr="100" mi="10" ci="0" mb="0" cb="0"/><line nr="109" mi="0" ci="10" mb="0" cb="0"/><line nr="120" mi="0" ci="11" mb="0" cb="0"/><line nr="121" mi="0" ci="41" mb="0" cb="2"/><line nr="123" mi="0" ci="20" mb="0" cb="0"/><line nr="124" mi="0" ci="32" mb="0" cb="2"/><line nr="125" mi="0" ci="16" mb="0" cb="0"/><line nr="126" mi="0" ci="34" mb="0" cb="2"/><line nr="127" mi="0" ci="18" mb="0" cb="0"/><line nr="128" mi="0" ci="20" mb="0" cb="0"/><line nr="130" mi="0" ci="20" mb="0" cb="0"/><line nr="131" mi="0" ci="10" mb="0" cb="0"/><line nr="142" mi="0" ci="11" mb="0" cb="0"/><line nr="143" mi="0" ci="41" mb="0" cb="2"/><line nr="145" mi="0" ci="20" mb="0" cb="0"/><line nr="146" mi="0" ci="38" mb="0" cb="2"/><line nr="147" mi="0" ci="16" mb="0" cb="0"/><line nr="148" mi="0" ci="34" mb="0" cb="2"/><line nr="149" mi="0" ci="18" mb="0" cb="0"/><line nr="150" mi="0" ci="20" mb="0" cb="0"/><line nr="152" mi="0" ci="20" mb="0" cb="0"/><line nr="153" mi="0" ci="10" mb="0" cb="0"/><line nr="162" mi="0" ci="11" mb="0" cb="0"/><line nr="163" mi="0" ci="42" mb="0" cb="2"/><line nr="164" mi="0" ci="13" mb="0" cb="0"/><line nr="165" mi="0" ci="20" mb="0" cb="0"/><line nr="166" mi="0" ci="34" mb="0" cb="2"/><line nr="167" mi="0" ci="16" mb="0" cb="0"/><line nr="168" mi="0" ci="34" mb="0" cb="2"/><line nr="169" mi="0" ci="18" mb="0" cb="0"/><line nr="170" mi="0" ci="20" mb="0" cb="0"/><line nr="172" mi="0" ci="20" mb="0" cb="0"/><line nr="173" mi="0" ci="10" mb="0" cb="0"/><line nr="180" mi="0" ci="42" mb="0" cb="2"/><line nr="181" mi="0" ci="17" mb="0" cb="0"/><line nr="182" mi="0" ci="18" mb="0" cb="0"/><line nr="183" mi="0" ci="34" mb="0" cb="2"/><line nr="184" mi="0" ci="20" mb="0" cb="0"/><line nr="185" mi="0" ci="34" mb="0" cb="2"/><line nr="186" mi="0" ci="22" mb="0" cb="0"/><line nr="187" mi="0" ci="18" mb="0" cb="0"/><line nr="189" mi="0" ci="18" mb="0" cb="0"/><line nr="190" mi="0" ci="8" mb="0" cb="0"/><line nr="202" mi="0" ci="25" mb="0" cb="2"/><line nr="203" mi="0" ci="24" mb="0" cb="0"/><line nr="205" mi="0" ci="15" mb="0" cb="0"/><line nr="206" mi="0" ci="34" mb="0" cb="2"/><line nr="207" mi="0" ci="15" mb="0" cb="0"/><line nr="208" mi="0" ci="19" mb="0" cb="0"/><line nr="210" mi="0" ci="18" mb="0" cb="0"/><line nr="222" mi="0" ci="9" mb="0" cb="0"/><line nr="223" mi="0" ci="43" mb="0" cb="2"/><line nr="224" mi="0" ci="25" mb="0" cb="2"/><line nr="225" mi="0" ci="9" mb="0" cb="0"/><line nr="227" mi="0" ci="30" mb="0" cb="2"/><line nr="228" mi="0" ci="9" mb="0" cb="0"/><line nr="229" mi="0" ci="24" mb="0" cb="0"/><line nr="230" mi="0" ci="12" mb="0" cb="0"/><line nr="231" mi="0" ci="34" mb="0" cb="2"/><line nr="232" mi="0" ci="15" mb="0" cb="0"/><line nr="233" mi="0" ci="19" mb="0" cb="0"/><line nr="235" mi="0" ci="18" mb="0" cb="0"/><counter type="INSTRUCTION" missed="1023" covered="2196"/><counter type="BRANCH" missed="3" covered="57"/><counter type="LINE" missed="2" covered="107"/><counter type="COMPLEXITY" missed="7" covered="39"/><counter type="METHOD" missed="4" covered="12"/><counter type="CLASS" missed="0" covered="1"/></sourcefile><counter type="INSTRUCTION" missed="1023" covered="2196"/><counter type="BRANCH" missed="3" covered="57"/><counter type="LINE" missed="2" covered="107"/><counter type="COMPLEXITY" missed="7" covered="39"/><counter type="METHOD" missed="4" covered="12"/><counter type="CLASS" missed="0" covered="1"/></package><counter type="INSTRUCTION" missed="1023" covered="2196"/><counter type="BRANCH" missed="3" covered="57"/><counter type="LINE" missed="2" covered="107"/><counter type="COMPLEXITY" missed="7" covered="39"/><counter type="METHOD" missed="4" covered="12"/><counter type="CLASS" missed="0" covered="1"/></report>