<?xml version="1.0" encoding="UTF-8" standalone="yes"?><!DOCTYPE report PUBLIC "-//JACOCO//DTD Report 1.1//EN" "report.dtd"><report name="devops"><sessioninfo id="localhost-56129bae" start="1587909275133" dump="1587909275961"/><sessioninfo id="localhost-c19cfde0" start="1587909293130" dump="1587909294458"/><package name="com"><class name="com/Dframe" sourcefilename="Dframe.java"><method name="&lt;init&gt;" desc="(II)V" line="16"><counter type="INSTRUCTION" missed="0" covered="53"/><counter type="LINE" missed="0" covered="5"/><counter type="COMPLEXITY" missed="0" covered="1"/><counter type="METHOD" missed="0" covered="1"/></method><method name="&lt;init&gt;" desc="([[Ljava/lang/Object;)V" line="22"><counter type="INSTRUCTION" missed="0" covered="299"/><counter type="BRANCH" missed="0" covered="8"/><counter type="LINE" missed="0" covered="14"/><counter type="COMPLEXITY" missed="0" covered="5"/><counter type="METHOD" missed="0" covered="1"/></method><method name="&lt;init&gt;" desc="(Ljava/lang/String;)V" line="44"><counter type="INSTRUCTION" missed="157" covered="462"/><counter type="BRANCH" missed="5" covered="11"/><counter type="LINE" missed="4" covered="24"/><counter type="COMPLEXITY" missed="3" covered="6"/><counter type="METHOD" missed="0" covered="1"/></method><method name="getIndex" desc="()[Ljava/lang/String;" line="90"><counter type="INSTRUCTION" missed="12" covered="0"/><counter type="LINE" missed="1" covered="0"/><counter type="COMPLEXITY" missed="1" covered="0"/><counter type="METHOD" missed="1" covered="0"/></method><method name="getColumns" desc="()[Ljava/lang/String;" line="94"><counter type="INSTRUCTION" missed="0" covered="12"/><counter type="LINE" missed="0" covered="1"/><counter type="COMPLEXITY" missed="0" covered="1"/><counter type="METHOD" missed="0" covered="1"/></method><method name="head" desc="(I)Ljava/lang/String;" line="98"><counter type="INSTRUCTION" missed="0" covered="224"/><counter type="BRANCH" missed="0" covered="6"/><counter type="LINE" missed="0" covered="10"/><counter type="COMPLEXITY" missed="0" covered="4"/><counter type="METHOD" missed="0" covered="1"/></method><method name="tail" desc="(I)Ljava/lang/String;" line="113"><counter type="INSTRUCTION" missed="0" covered="230"/><counter type="BRANCH" missed="0" covered="6"/><counter type="LINE" missed="0" covered="10"/><counter type="COMPLEXITY" missed="0" covered="4"/><counter type="METHOD" missed="0" covered="1"/></method><method name="toString" desc="()Ljava/lang/String;" line="129"><counter type="INSTRUCTION" missed="0" covered="240"/><counter type="BRANCH" missed="0" covered="6"/><counter type="LINE" missed="0" covered="11"/><counter type="COMPLEXITY" missed="0" covered="4"/><counter type="METHOD" missed="0" covered="1"/></method><method name="to_string" desc="()V" line="144"><counter type="INSTRUCTION" missed="233" covered="0"/><counter type="BRANCH" missed="6" covered="0"/><counter type="LINE" missed="10" covered="0"/><counter type="COMPLEXITY" missed="4" covered="0"/><counter type="METHOD" missed="1" covered="0"/></method><method name="iloc" desc="(I)Lcom/Dframe;" line="157"><counter type="INSTRUCTION" missed="0" covered="152"/><counter type="BRANCH" missed="0" covered="4"/><counter type="LINE" missed="0" covered="7"/><counter type="COMPLEXITY" missed="0" covered="3"/><counter type="METHOD" missed="0" covered="1"/></method><method name="loc" desc="(Ljava/lang/String;)Lcom/Dframe;" line="169"><counter type="INSTRUCTION" missed="18" covered="231"/><counter type="BRANCH" missed="1" covered="7"/><counter type="LINE" missed="1" covered="11"/><counter type="COMPLEXITY" missed="1" covered="4"/><counter type="METHOD" missed="0" covered="1"/></method><method name="&lt;clinit&gt;" desc="()V"><counter type="INSTRUCTION" missed="0" covered="2"/><counter type="COMPLEXITY" missed="0" covered="1"/><counter type="METHOD" missed="0" covered="1"/></method><method name="__cobertura_init" desc="()V"><counter type="INSTRUCTION" missed="0" covered="8"/><counter type="BRANCH" missed="1" covered="1"/><counter type="COMPLEXITY" missed="1" covered="1"/><counter type="METHOD" missed="0" covered="1"/></method><method name="__cobertura_classmap_0" desc="(Lnet/sourceforge/cobertura/coveragedata/LightClassmapListener;)V"><counter type="INSTRUCTION" missed="965" covered="0"/><counter type="COMPLEXITY" missed="1" covered="0"/><counter type="METHOD" missed="1" covered="0"/></method><method name="__cobertura_classmap" desc="(Lnet/sourceforge/cobertura/coveragedata/LightClassmapListener;)V"><counter type="INSTRUCTION" missed="11" covered="0"/><counter type="COMPLEXITY" missed="1" covered="0"/><counter type="METHOD" missed="1" covered="0"/></method><method name="__cobertura_get_and_reset_counters" desc="()[I"><counter type="INSTRUCTION" missed="8" covered="0"/><counter type="COMPLEXITY" missed="1" covered="0"/><counter type="METHOD" missed="1" covered="0"/></method><counter type="INSTRUCTION" missed="1404" covered="1913"/><counter type="BRANCH" missed="13" covered="49"/><counter type="LINE" missed="16" covered="93"/><counter type="COMPLEXITY" missed="13" covered="34"/><counter type="METHOD" missed="5" covered="11"/><counter type="CLASS" missed="0" covered="1"/></class><class name="com/Main" sourcefilename="Main.java"><method name="&lt;init&gt;" desc="()V" line="6"><counter type="INSTRUCTION" missed="12" covered="0"/><counter type="LINE" missed="1" covered="0"/><counter type="COMPLEXITY" missed="1" covered="0"/><counter type="METHOD" missed="1" covered="0"/></method><method name="main" desc="([Ljava/lang/String;)V" line="8"><counter type="INSTRUCTION" missed="265" covered="0"/><counter type="LINE" missed="18" covered="0"/><counter type="COMPLEXITY" missed="1" covered="0"/><counter type="METHOD" missed="1" covered="0"/></method><method name="&lt;clinit&gt;" desc="()V"><counter type="INSTRUCTION" missed="2" covered="0"/><counter type="COMPLEXITY" missed="1" covered="0"/><counter type="METHOD" missed="1" covered="0"/></method><method name="__cobertura_init" desc="()V"><counter type="INSTRUCTION" missed="8" covered="0"/><counter type="BRANCH" missed="2" covered="0"/><counter type="COMPLEXITY" missed="2" covered="0"/><counter type="METHOD" missed="1" covered="0"/></method><method name="__cobertura_classmap_0" desc="(Lnet/sourceforge/cobertura/coveragedata/LightClassmapListener;)V"><counter type="INSTRUCTION" missed="117" covered="0"/><counter type="COMPLEXITY" missed="1" covered="0"/><counter type="METHOD" missed="1" covered="0"/></method><method name="__cobertura_classmap" desc="(Lnet/sourceforge/cobertura/coveragedata/LightClassmapListener;)V"><counter type="INSTRUCTION" missed="11" covered="0"/><counter type="COMPLEXITY" missed="1" covered="0"/><counter type="METHOD" missed="1" covered="0"/></method><method name="__cobertura_get_and_reset_counters" desc="()[I"><counter type="INSTRUCTION" missed="8" covered="0"/><counter type="COMPLEXITY" missed="1" covered="0"/><counter type="METHOD" missed="1" covered="0"/></method><counter type="INSTRUCTION" missed="423" covered="0"/><counter type="BRANCH" missed="2" covered="0"/><counter type="LINE" missed="19" covered="0"/><counter type="COMPLEXITY" missed="8" covered="0"/><counter type="METHOD" missed="7" covered="0"/><counter type="CLASS" missed="1" covered="0"/></class><sourcefile name="Main.java"><line nr="6" mi="10" ci="0" mb="0" cb="0"/><line nr="8" mi="90" ci="0" mb="0" cb="0"/><line nr="13" mi="12" ci="0" mb="0" cb="0"/><line nr="14" mi="10" ci="0" mb="0" cb="0"/><line nr="15" mi="9" ci="0" mb="0" cb="0"/><line nr="17" mi="12" ci="0" mb="0" cb="0"/><line nr="18" mi="10" ci="0" mb="0" cb="0"/><line nr="19" mi="9" ci="0" mb="0" cb="0"/><line nr="21" mi="10" ci="0" mb="0" cb="0"/><line nr="22" mi="11" ci="0" mb="0" cb="0"/><line nr="24" mi="10" ci="0" mb="0" cb="0"/><line nr="25" mi="11" ci="0" mb="0" cb="0"/><line nr="28" mi="11" ci="0" mb="0" cb="0"/><line nr="29" mi="10" ci="0" mb="0" cb="0"/><line nr="30" mi="9" ci="0" mb="0" cb="0"/><line nr="32" mi="11" ci="0" mb="0" cb="0"/><line nr="33" mi="10" ci="0" mb="0" cb="0"/><line nr="34" mi="9" ci="0" mb="0" cb="0"/><line nr="36" mi="8" ci="0" mb="0" cb="0"/><counter type="INSTRUCTION" missed="423" covered="0"/><counter type="BRANCH" missed="2" covered="0"/><counter type="LINE" missed="19" covered="0"/><counter type="COMPLEXITY" missed="8" covered="0"/><counter type="METHOD" missed="7" covered="0"/><counter type="CLASS" missed="1" covered="0"/></sourcefile><sourcefile name="Dframe.java"><line nr="16" mi="0" ci="9" mb="0" cb="0"/><line nr="17" mi="0" ci="11" mb="0" cb="0"/><line nr="18" mi="0" ci="11" mb="0" cb="0"/><line nr="19" mi="0" ci="12" mb="0" cb="0"/><line nr="20" mi="0" ci="8" mb="0" cb="0"/><line nr="22" mi="0" ci="9" mb="0" cb="0"/><line nr="23" mi="0" ci="12" mb="0" cb="0"/><line nr="24" mi="0" ci="12" mb="0" cb="0"/><line nr="25" mi="0" ci="11" mb="0" cb="0"/><line nr="26" mi="0" ci="11" mb="0" cb="0"/><line nr="27" mi="0" ci="12" mb="0" cb="0"/><line nr="29" mi="0" ci="32" mb="0" cb="2"/><line nr="30" mi="0" ci="19" mb="0" cb="0"/><line nr="33" mi="0" ci="41" mb="0" cb="2"/><line nr="34" mi="0" ci="17" mb="0" cb="0"/><line nr="37" mi="0" ci="50" mb="0" cb="2"/><line nr="38" mi="0" ci="32" mb="0" cb="2"/><line nr="39" mi="0" ci="22" mb="0" cb="0"/><line nr="42" mi="0" ci="17" mb="0" cb="0"/><line nr="44" mi="0" ci="9" mb="0" cb="0"/><line nr="46" mi="0" ci="9" mb="0" cb="0"/><line nr="47" mi="0" ci="9" mb="0" cb="0"/><line nr="48" mi="0" ci="9" mb="0" cb="0"/><line nr="49" mi="0" ci="11" mb="0" cb="0"/><line nr="53" mi="0" ci="15" mb="0" cb="0"/><line nr="54" mi="0" ci="23" mb="0" cb="2"/><line nr="55" mi="0" ci="11" mb="0" cb="0"/><line nr="56" mi="0" ci="12" mb="0" cb="0"/><line nr="57" mi="0" ci="8" mb="0" cb="0"/><line nr="59" mi="0" ci="24" mb="0" cb="0"/><line nr="60" mi="0" ci="36" mb="0" cb="2"/><line nr="61" mi="0" ci="18" mb="0" cb="0"/><line nr="63" mi="0" ci="23" mb="0" cb="0"/><line nr="64" mi="0" ci="35" mb="0" cb="2"/><line nr="65" mi="0" ci="20" mb="0" cb="0"/><line nr="67" mi="0" ci="25" mb="0" cb="0"/><line nr="68" mi="0" ci="43" mb="0" cb="2"/><line nr="69" mi="0" ci="34" mb="0" cb="2"/><line nr="70" mi="0" ci="23" mb="0" cb="0"/><line nr="75" mi="8" ci="0" mb="0" cb="0"/><line nr="76" mi="9" ci="0" mb="0" cb="0"/><line nr="78" mi="30" ci="29" mb="5" cb="1"/><line nr="80" mi="18" ci="9" mb="0" cb="0"/><line nr="81" mi="24" ci="0" mb="0" cb="0"/><line nr="82" mi="27" ci="0" mb="0" cb="0"/><line nr="83" mi="41" ci="8" mb="0" cb="0"/><line nr="87" mi="0" ci="17" mb="0" cb="0"/><line nr="90" mi="10" ci="0" mb="0" cb="0"/><line nr="94" mi="0" ci="10" mb="0" cb="0"/><line nr="98" mi="0" ci="11" mb="0" cb="0"/><line nr="99" mi="0" ci="41" mb="0" cb="2"/><line nr="101" mi="0" ci="20" mb="0" cb="0"/><line nr="102" mi="0" ci="32" mb="0" cb="2"/><line nr="103" mi="0" ci="16" mb="0" cb="0"/><line nr="104" mi="0" ci="34" mb="0" cb="2"/><line nr="105" mi="0" ci="18" mb="0" cb="0"/><line nr="106" mi="0" ci="20" mb="0" cb="0"/><line nr="108" mi="0" ci="20" mb="0" cb="0"/><line nr="109" mi="0" ci="10" mb="0" cb="0"/><line nr="113" mi="0" ci="11" mb="0" cb="0"/><line nr="114" mi="0" ci="41" mb="0" cb="2"/><line nr="116" mi="0" ci="20" mb="0" cb="0"/><line nr="117" mi="0" ci="38" mb="0" cb="2"/><line nr="118" mi="0" ci="16" mb="0" cb="0"/><line nr="119" mi="0" ci="34" mb="0" cb="2"/><line nr="120" mi="0" ci="18" mb="0" cb="0"/><line nr="121" mi="0" ci="20" mb="0" cb="0"/><line nr="123" mi="0" ci="20" mb="0" cb="0"/><line nr="124" mi="0" ci="10" mb="0" cb="0"/><line nr="129" mi="0" ci="11" mb="0" cb="0"/><line nr="130" mi="0" ci="42" mb="0" cb="2"/><line nr="131" mi="0" ci="13" mb="0" cb="0"/><line nr="132" mi="0" ci="20" mb="0" cb="0"/><line nr="133" mi="0" ci="34" mb="0" cb="2"/><line nr="134" mi="0" ci="16" mb="0" cb="0"/><line nr="135" mi="0" ci="34" mb="0" cb="2"/><line nr="136" mi="0" ci="18" mb="0" cb="0"/><line nr="137" mi="0" ci="20" mb="0" cb="0"/><line nr="139" mi="0" ci="20" mb="0" cb="0"/><line nr="140" mi="0" ci="10" mb="0" cb="0"/><line nr="144" mi="42" ci="0" mb="2" cb="0"/><line nr="145" mi="17" ci="0" mb="0" cb="0"/><line nr="146" mi="18" ci="0" mb="0" cb="0"/><line nr="147" mi="34" ci="0" mb="2" cb="0"/><line nr="148" mi="20" ci="0" mb="0" cb="0"/><line nr="149" mi="34" ci="0" mb="2" cb="0"/><line nr="150" mi="22" ci="0" mb="0" cb="0"/><line nr="151" mi="18" ci="0" mb="0" cb="0"/><line nr="153" mi="18" ci="0" mb="0" cb="0"/><line nr="154" mi="8" ci="0" mb="0" cb="0"/><line nr="157" mi="0" ci="25" mb="0" cb="2"/><line nr="158" mi="0" ci="24" mb="0" cb="0"/><line nr="160" mi="0" ci="15" mb="0" cb="0"/><line nr="161" mi="0" ci="34" mb="0" cb="2"/><line nr="162" mi="0" ci="15" mb="0" cb="0"/><line nr="163" mi="0" ci="19" mb="0" cb="0"/><line nr="165" mi="0" ci="18" mb="0" cb="0"/><line nr="169" mi="0" ci="9" mb="0" cb="0"/><line nr="170" mi="0" ci="43" mb="0" cb="2"/><line nr="171" mi="0" ci="25" mb="0" cb="2"/><line nr="172" mi="0" ci="9" mb="0" cb="0"/><line nr="174" mi="9" ci="21" mb="1" cb="1"/><line nr="175" mi="9" ci="0" mb="0" cb="0"/><line nr="176" mi="0" ci="24" mb="0" cb="0"/><line nr="177" mi="0" ci="12" mb="0" cb="0"/><line nr="178" mi="0" ci="34" mb="0" cb="2"/><line nr="179" mi="0" ci="15" mb="0" cb="0"/><line nr="180" mi="0" ci="19" mb="0" cb="0"/><line nr="182" mi="0" ci="18" mb="0" cb="0"/><counter type="INSTRUCTION" missed="1404" covered="1913"/><counter type="BRANCH" missed="13" covered="49"/><counter type="LINE" missed="16" covered="93"/><counter type="COMPLEXITY" missed="13" covered="34"/><counter type="METHOD" missed="5" covered="11"/><counter type="CLASS" missed="0" covered="1"/></sourcefile><counter type="INSTRUCTION" missed="1827" covered="1913"/><counter type="BRANCH" missed="15" covered="49"/><counter type="LINE" missed="35" covered="93"/><counter type="COMPLEXITY" missed="21" covered="34"/><counter type="METHOD" missed="12" covered="11"/><counter type="CLASS" missed="1" covered="1"/></package><counter type="INSTRUCTION" missed="1827" covered="1913"/><counter type="BRANCH" missed="15" covered="49"/><counter type="LINE" missed="35" covered="93"/><counter type="COMPLEXITY" missed="21" covered="34"/><counter type="METHOD" missed="12" covered="11"/><counter type="CLASS" missed="1" covered="1"/></report>