<?xml version="1.0" encoding="UTF-8" standalone="yes"?><!DOCTYPE report PUBLIC "-//JACOCO//DTD Report 1.1//EN" "report.dtd"><report name="devops"><sessioninfo id="localhost-8e118d13" start="1587652883833" dump="1587652884853"/><sessioninfo id="localhost-b9905754" start="1587652903121" dump="1587652904290"/><package name="com"><class name="com/Dframe" sourcefilename="Dframe.java"><method name="&lt;init&gt;" desc="([[Ljava/lang/Object;)V" line="16"><counter type="INSTRUCTION" missed="0" covered="299"/><counter type="BRANCH" missed="0" covered="8"/><counter type="LINE" missed="0" covered="14"/><counter type="COMPLEXITY" missed="0" covered="5"/><counter type="METHOD" missed="0" covered="1"/></method><method name="&lt;init&gt;" desc="(Ljava/lang/String;)V" line="38"><counter type="INSTRUCTION" missed="157" covered="462"/><counter type="BRANCH" missed="5" covered="11"/><counter type="LINE" missed="4" covered="24"/><counter type="COMPLEXITY" missed="3" covered="6"/><counter type="METHOD" missed="0" covered="1"/></method><method name="getIndex" desc="()[Ljava/lang/String;" line="84"><counter type="INSTRUCTION" missed="12" covered="0"/><counter type="LINE" missed="1" covered="0"/><counter type="COMPLEXITY" missed="1" covered="0"/><counter type="METHOD" missed="1" covered="0"/></method><method name="getColumns" desc="()[Ljava/lang/String;" line="88"><counter type="INSTRUCTION" missed="0" covered="12"/><counter type="LINE" missed="0" covered="1"/><counter type="COMPLEXITY" missed="0" covered="1"/><counter type="METHOD" missed="0" covered="1"/></method><method name="print" desc="()V" line="92"><counter type="INSTRUCTION" missed="224" covered="0"/><counter type="BRANCH" missed="6" covered="0"/><counter type="LINE" missed="9" covered="0"/><counter type="COMPLEXITY" missed="4" covered="0"/><counter type="METHOD" missed="1" covered="0"/></method><method name="&lt;clinit&gt;" desc="()V"><counter type="INSTRUCTION" missed="0" covered="2"/><counter type="COMPLEXITY" missed="0" covered="1"/><counter type="METHOD" missed="0" covered="1"/></method><method name="__cobertura_init" desc="()V"><counter type="INSTRUCTION" missed="0" covered="8"/><counter type="BRANCH" missed="1" covered="1"/><counter type="COMPLEXITY" missed="1" covered="1"/><counter type="METHOD" missed="0" covered="1"/></method><method name="__cobertura_classmap_0" desc="(Lnet/sourceforge/cobertura/coveragedata/LightClassmapListener;)V"><counter type="INSTRUCTION" missed="494" covered="0"/><counter type="COMPLEXITY" missed="1" covered="0"/><counter type="METHOD" missed="1" covered="0"/></method><method name="__cobertura_classmap" desc="(Lnet/sourceforge/cobertura/coveragedata/LightClassmapListener;)V"><counter type="INSTRUCTION" missed="11" covered="0"/><counter type="COMPLEXITY" missed="1" covered="0"/><counter type="METHOD" missed="1" covered="0"/></method><method name="__cobertura_get_and_reset_counters" desc="()[I"><counter type="INSTRUCTION" missed="8" covered="0"/><counter type="COMPLEXITY" missed="1" covered="0"/><counter type="METHOD" missed="1" covered="0"/></method><counter type="INSTRUCTION" missed="906" covered="783"/><counter type="BRANCH" missed="12" covered="20"/><counter type="LINE" missed="14" covered="39"/><counter type="COMPLEXITY" missed="12" covered="14"/><counter type="METHOD" missed="5" covered="5"/><counter type="CLASS" missed="0" covered="1"/></class><class name="com/Main" sourcefilename="Main.java"><method name="&lt;init&gt;" desc="()V" line="3"><counter type="INSTRUCTION" missed="12" covered="0"/><counter type="LINE" missed="1" covered="0"/><counter type="COMPLEXITY" missed="1" covered="0"/><counter type="METHOD" missed="1" covered="0"/></method><method name="main" desc="([Ljava/lang/String;)V" line="5"><counter type="INSTRUCTION" missed="143" covered="0"/><counter type="LINE" missed="6" covered="0"/><counter type="COMPLEXITY" missed="1" covered="0"/><counter type="METHOD" missed="1" covered="0"/></method><method name="&lt;clinit&gt;" desc="()V"><counter type="INSTRUCTION" missed="2" covered="0"/><counter type="COMPLEXITY" missed="1" covered="0"/><counter type="METHOD" missed="1" covered="0"/></method><method name="__cobertura_init" desc="()V"><counter type="INSTRUCTION" missed="8" covered="0"/><counter type="BRANCH" missed="2" covered="0"/><counter type="COMPLEXITY" missed="2" covered="0"/><counter type="METHOD" missed="1" covered="0"/></method><method name="__cobertura_classmap_0" desc="(Lnet/sourceforge/cobertura/coveragedata/LightClassmapListener;)V"><counter type="INSTRUCTION" missed="45" covered="0"/><counter type="COMPLEXITY" missed="1" covered="0"/><counter type="METHOD" missed="1" covered="0"/></method><method name="__cobertura_classmap" desc="(Lnet/sourceforge/cobertura/coveragedata/LightClassmapListener;)V"><counter type="INSTRUCTION" missed="11" covered="0"/><counter type="COMPLEXITY" missed="1" covered="0"/><counter type="METHOD" missed="1" covered="0"/></method><method name="__cobertura_get_and_reset_counters" desc="()[I"><counter type="INSTRUCTION" missed="8" covered="0"/><counter type="COMPLEXITY" missed="1" covered="0"/><counter type="METHOD" missed="1" covered="0"/></method><counter type="INSTRUCTION" missed="229" covered="0"/><counter type="BRANCH" missed="2" covered="0"/><counter type="LINE" missed="7" covered="0"/><counter type="COMPLEXITY" missed="8" covered="0"/><counter type="METHOD" missed="7" covered="0"/><counter type="CLASS" missed="1" covered="0"/></class><sourcefile name="Main.java"><line nr="3" mi="10" ci="0" mb="0" cb="0"/><line nr="5" mi="90" ci="0" mb="0" cb="0"/><line nr="11" mi="12" ci="0" mb="0" cb="0"/><line nr="12" mi="9" ci="0" mb="0" cb="0"/><line nr="14" mi="12" ci="0" mb="0" cb="0"/><line nr="15" mi="9" ci="0" mb="0" cb="0"/><line nr="16" mi="8" ci="0" mb="0" cb="0"/><counter type="INSTRUCTION" missed="229" covered="0"/><counter type="BRANCH" missed="2" covered="0"/><counter type="LINE" missed="7" covered="0"/><counter type="COMPLEXITY" missed="8" covered="0"/><counter type="METHOD" missed="7" covered="0"/><counter type="CLASS" missed="1" covered="0"/></sourcefile><sourcefile name="Dframe.java"><line nr="16" mi="0" ci="9" mb="0" cb="0"/><line nr="17" mi="0" ci="12" mb="0" cb="0"/><line nr="18" mi="0" ci="12" mb="0" cb="0"/><line nr="19" mi="0" ci="11" mb="0" cb="0"/><line nr="20" mi="0" ci="11" mb="0" cb="0"/><line nr="21" mi="0" ci="12" mb="0" cb="0"/><line nr="23" mi="0" ci="32" mb="0" cb="2"/><line nr="24" mi="0" ci="19" mb="0" cb="0"/><line nr="27" mi="0" ci="41" mb="0" cb="2"/><line nr="28" mi="0" ci="17" mb="0" cb="0"/><line nr="31" mi="0" ci="50" mb="0" cb="2"/><line nr="32" mi="0" ci="32" mb="0" cb="2"/><line nr="33" mi="0" ci="22" mb="0" cb="0"/><line nr="36" mi="0" ci="17" mb="0" cb="0"/><line nr="38" mi="0" ci="9" mb="0" cb="0"/><line nr="40" mi="0" ci="9" mb="0" cb="0"/><line nr="41" mi="0" ci="9" mb="0" cb="0"/><line nr="42" mi="0" ci="9" mb="0" cb="0"/><line nr="43" mi="0" ci="11" mb="0" cb="0"/><line nr="47" mi="0" ci="15" mb="0" cb="0"/><line nr="48" mi="0" ci="23" mb="0" cb="2"/><line nr="49" mi="0" ci="11" mb="0" cb="0"/><line nr="50" mi="0" ci="12" mb="0" cb="0"/><line nr="51" mi="0" ci="8" mb="0" cb="0"/><line nr="53" mi="0" ci="24" mb="0" cb="0"/><line nr="54" mi="0" ci="36" mb="0" cb="2"/><line nr="55" mi="0" ci="18" mb="0" cb="0"/><line nr="57" mi="0" ci="23" mb="0" cb="0"/><line nr="58" mi="0" ci="35" mb="0" cb="2"/><line nr="59" mi="0" ci="20" mb="0" cb="0"/><line nr="61" mi="0" ci="25" mb="0" cb="0"/><line nr="62" mi="0" ci="43" mb="0" cb="2"/><line nr="63" mi="0" ci="34" mb="0" cb="2"/><line nr="64" mi="0" ci="23" mb="0" cb="0"/><line nr="69" mi="8" ci="0" mb="0" cb="0"/><line nr="70" mi="9" ci="0" mb="0" cb="0"/><line nr="72" mi="30" ci="29" mb="5" cb="1"/><line nr="74" mi="18" ci="9" mb="0" cb="0"/><line nr="75" mi="24" ci="0" mb="0" cb="0"/><line nr="76" mi="27" ci="0" mb="0" cb="0"/><line nr="77" mi="41" ci="8" mb="0" cb="0"/><line nr="81" mi="0" ci="17" mb="0" cb="0"/><line nr="84" mi="10" ci="0" mb="0" cb="0"/><line nr="88" mi="0" ci="10" mb="0" cb="0"/><line nr="92" mi="42" ci="0" mb="2" cb="0"/><line nr="93" mi="17" ci="0" mb="0" cb="0"/><line nr="94" mi="18" ci="0" mb="0" cb="0"/><line nr="95" mi="34" ci="0" mb="2" cb="0"/><line nr="96" mi="20" ci="0" mb="0" cb="0"/><line nr="97" mi="34" ci="0" mb="2" cb="0"/><line nr="98" mi="22" ci="0" mb="0" cb="0"/><line nr="99" mi="18" ci="0" mb="0" cb="0"/><line nr="101" mi="17" ci="0" mb="0" cb="0"/><counter type="INSTRUCTION" missed="906" covered="783"/><counter type="BRANCH" missed="12" covered="20"/><counter type="LINE" missed="14" covered="39"/><counter type="COMPLEXITY" missed="12" covered="14"/><counter type="METHOD" missed="5" covered="5"/><counter type="CLASS" missed="0" covered="1"/></sourcefile><counter type="INSTRUCTION" missed="1135" covered="783"/><counter type="BRANCH" missed="14" covered="20"/><counter type="LINE" missed="21" covered="39"/><counter type="COMPLEXITY" missed="20" covered="14"/><counter type="METHOD" missed="12" covered="5"/><counter type="CLASS" missed="1" covered="1"/></package><counter type="INSTRUCTION" missed="1135" covered="783"/><counter type="BRANCH" missed="14" covered="20"/><counter type="LINE" missed="21" covered="39"/><counter type="COMPLEXITY" missed="20" covered="14"/><counter type="METHOD" missed="12" covered="5"/><counter type="CLASS" missed="1" covered="1"/></report>