<?xml version="1.0" encoding="UTF-8" standalone="yes"?><!DOCTYPE report PUBLIC "-//JACOCO//DTD Report 1.1//EN" "report.dtd"><report name="devops"><sessioninfo id="localhost-95726874" start="1587724706003" dump="1587724706828"/><sessioninfo id="localhost-fd1309a5" start="1587724724098" dump="1587724725263"/><package name="com"><class name="com/Dframe" sourcefilename="Dframe.java"><method name="&lt;init&gt;" desc="(II)V" line="16"><counter type="INSTRUCTION" missed="53" covered="0"/><counter type="LINE" missed="5" covered="0"/><counter type="COMPLEXITY" missed="1" covered="0"/><counter type="METHOD" missed="1" covered="0"/></method><method name="&lt;init&gt;" desc="([[Ljava/lang/Object;)V" line="22"><counter type="INSTRUCTION" missed="0" covered="299"/><counter type="BRANCH" missed="0" covered="8"/><counter type="LINE" missed="0" covered="14"/><counter type="COMPLEXITY" missed="0" covered="5"/><counter type="METHOD" missed="0" covered="1"/></method><method name="&lt;init&gt;" desc="(Ljava/lang/String;)V" line="44"><counter type="INSTRUCTION" missed="157" covered="462"/><counter type="BRANCH" missed="5" covered="11"/><counter type="LINE" missed="4" covered="24"/><counter type="COMPLEXITY" missed="3" covered="6"/><counter type="METHOD" missed="0" covered="1"/></method><method name="getIndex" desc="()[Ljava/lang/String;" line="90"><counter type="INSTRUCTION" missed="12" covered="0"/><counter type="LINE" missed="1" covered="0"/><counter type="COMPLEXITY" missed="1" covered="0"/><counter type="METHOD" missed="1" covered="0"/></method><method name="getColumns" desc="()[Ljava/lang/String;" line="94"><counter type="INSTRUCTION" missed="0" covered="12"/><counter type="LINE" missed="0" covered="1"/><counter type="COMPLEXITY" missed="0" covered="1"/><counter type="METHOD" missed="0" covered="1"/></method><method name="head" desc="(I)V" line="98"><counter type="INSTRUCTION" missed="231" covered="0"/><counter type="BRANCH" missed="6" covered="0"/><counter type="LINE" missed="10" covered="0"/><counter type="COMPLEXITY" missed="4" covered="0"/><counter type="METHOD" missed="1" covered="0"/></method><method name="tail" desc="(I)V" line="111"><counter type="INSTRUCTION" missed="237" covered="0"/><counter type="BRANCH" missed="6" covered="0"/><counter type="LINE" missed="10" covered="0"/><counter type="COMPLEXITY" missed="4" covered="0"/><counter type="METHOD" missed="1" covered="0"/></method><method name="to_string" desc="()V" line="124"><counter type="INSTRUCTION" missed="233" covered="0"/><counter type="BRANCH" missed="6" covered="0"/><counter type="LINE" missed="10" covered="0"/><counter type="COMPLEXITY" missed="4" covered="0"/><counter type="METHOD" missed="1" covered="0"/></method><method name="iloc" desc="(I)Lcom/Dframe;" line="137"><counter type="INSTRUCTION" missed="159" covered="0"/><counter type="BRANCH" missed="4" covered="0"/><counter type="LINE" missed="8" covered="0"/><counter type="COMPLEXITY" missed="3" covered="0"/><counter type="METHOD" missed="1" covered="0"/></method><method name="loc" desc="(Ljava/lang/String;)Lcom/Dframe;" line="149"><counter type="INSTRUCTION" missed="249" covered="0"/><counter type="BRANCH" missed="8" covered="0"/><counter type="LINE" missed="12" covered="0"/><counter type="COMPLEXITY" missed="5" covered="0"/><counter type="METHOD" missed="1" covered="0"/></method><method name="&lt;clinit&gt;" desc="()V"><counter type="INSTRUCTION" missed="0" covered="2"/><counter type="COMPLEXITY" missed="0" covered="1"/><counter type="METHOD" missed="0" covered="1"/></method><method name="__cobertura_init" desc="()V"><counter type="INSTRUCTION" missed="0" covered="8"/><counter type="BRANCH" missed="1" covered="1"/><counter type="COMPLEXITY" missed="1" covered="1"/><counter type="METHOD" missed="0" covered="1"/></method><method name="__cobertura_classmap_0" desc="(Lnet/sourceforge/cobertura/coveragedata/LightClassmapListener;)V"><counter type="INSTRUCTION" missed="884" covered="0"/><counter type="COMPLEXITY" missed="1" covered="0"/><counter type="METHOD" missed="1" covered="0"/></method><method name="__cobertura_classmap" desc="(Lnet/sourceforge/cobertura/coveragedata/LightClassmapListener;)V"><counter type="INSTRUCTION" missed="11" covered="0"/><counter type="COMPLEXITY" missed="1" covered="0"/><counter type="METHOD" missed="1" covered="0"/></method><method name="__cobertura_get_and_reset_counters" desc="()[I"><counter type="INSTRUCTION" missed="8" covered="0"/><counter type="COMPLEXITY" missed="1" covered="0"/><counter type="METHOD" missed="1" covered="0"/></method><counter type="INSTRUCTION" missed="2234" covered="783"/><counter type="BRANCH" missed="36" covered="20"/><counter type="LINE" missed="60" covered="39"/><counter type="COMPLEXITY" missed="29" covered="14"/><counter type="METHOD" missed="10" covered="5"/><counter type="CLASS" missed="0" covered="1"/></class><class name="com/Main" sourcefilename="Main.java"><method name="&lt;init&gt;" desc="()V" line="6"><counter type="INSTRUCTION" missed="12" covered="0"/><counter type="LINE" missed="1" covered="0"/><counter type="COMPLEXITY" missed="1" covered="0"/><counter type="METHOD" missed="1" covered="0"/></method><method name="main" desc="([Ljava/lang/String;)V" line="8"><counter type="INSTRUCTION" missed="263" covered="0"/><counter type="LINE" missed="18" covered="0"/><counter type="COMPLEXITY" missed="1" covered="0"/><counter type="METHOD" missed="1" covered="0"/></method><method name="&lt;clinit&gt;" desc="()V"><counter type="INSTRUCTION" missed="2" covered="0"/><counter type="COMPLEXITY" missed="1" covered="0"/><counter type="METHOD" missed="1" covered="0"/></method><method name="__cobertura_init" desc="()V"><counter type="INSTRUCTION" missed="8" covered="0"/><counter type="BRANCH" missed="2" covered="0"/><counter type="COMPLEXITY" missed="2" covered="0"/><counter type="METHOD" missed="1" covered="0"/></method><method name="__cobertura_classmap_0" desc="(Lnet/sourceforge/cobertura/coveragedata/LightClassmapListener;)V"><counter type="INSTRUCTION" missed="117" covered="0"/><counter type="COMPLEXITY" missed="1" covered="0"/><counter type="METHOD" missed="1" covered="0"/></method><method name="__cobertura_classmap" desc="(Lnet/sourceforge/cobertura/coveragedata/LightClassmapListener;)V"><counter type="INSTRUCTION" missed="11" covered="0"/><counter type="COMPLEXITY" missed="1" covered="0"/><counter type="METHOD" missed="1" covered="0"/></method><method name="__cobertura_get_and_reset_counters" desc="()[I"><counter type="INSTRUCTION" missed="8" covered="0"/><counter type="COMPLEXITY" missed="1" covered="0"/><counter type="METHOD" missed="1" covered="0"/></method><counter type="INSTRUCTION" missed="421" covered="0"/><counter type="BRANCH" missed="2" covered="0"/><counter type="LINE" missed="19" covered="0"/><counter type="COMPLEXITY" missed="8" covered="0"/><counter type="METHOD" missed="7" covered="0"/><counter type="CLASS" missed="1" covered="0"/></class><sourcefile name="Main.java"><line nr="6" mi="10" ci="0" mb="0" cb="0"/><line nr="8" mi="90" ci="0" mb="0" cb="0"/><line nr="13" mi="12" ci="0" mb="0" cb="0"/><line nr="14" mi="10" ci="0" mb="0" cb="0"/><line nr="15" mi="9" ci="0" mb="0" cb="0"/><line nr="17" mi="12" ci="0" mb="0" cb="0"/><line nr="18" mi="10" ci="0" mb="0" cb="0"/><line nr="19" mi="9" ci="0" mb="0" cb="0"/><line nr="21" mi="10" ci="0" mb="0" cb="0"/><line nr="22" mi="10" ci="0" mb="0" cb="0"/><line nr="24" mi="10" ci="0" mb="0" cb="0"/><line nr="25" mi="10" ci="0" mb="0" cb="0"/><line nr="28" mi="11" ci="0" mb="0" cb="0"/><line nr="29" mi="10" ci="0" mb="0" cb="0"/><line nr="30" mi="9" ci="0" mb="0" cb="0"/><line nr="32" mi="11" ci="0" mb="0" cb="0"/><line nr="33" mi="10" ci="0" mb="0" cb="0"/><line nr="34" mi="9" ci="0" mb="0" cb="0"/><line nr="36" mi="8" ci="0" mb="0" cb="0"/><counter type="INSTRUCTION" missed="421" covered="0"/><counter type="BRANCH" missed="2" covered="0"/><counter type="LINE" missed="19" covered="0"/><counter type="COMPLEXITY" missed="8" covered="0"/><counter type="METHOD" missed="7" covered="0"/><counter type="CLASS" missed="1" covered="0"/></sourcefile><sourcefile name="Dframe.java"><line nr="16" mi="9" ci="0" mb="0" cb="0"/><line nr="17" mi="11" ci="0" mb="0" cb="0"/><line nr="18" mi="11" ci="0" mb="0" cb="0"/><line nr="19" mi="12" ci="0" mb="0" cb="0"/><line nr="20" mi="8" ci="0" mb="0" cb="0"/><line nr="22" mi="0" ci="9" mb="0" cb="0"/><line nr="23" mi="0" ci="12" mb="0" cb="0"/><line nr="24" mi="0" ci="12" mb="0" cb="0"/><line nr="25" mi="0" ci="11" mb="0" cb="0"/><line nr="26" mi="0" ci="11" mb="0" cb="0"/><line nr="27" mi="0" ci="12" mb="0" cb="0"/><line nr="29" mi="0" ci="32" mb="0" cb="2"/><line nr="30" mi="0" ci="19" mb="0" cb="0"/><line nr="33" mi="0" ci="41" mb="0" cb="2"/><line nr="34" mi="0" ci="17" mb="0" cb="0"/><line nr="37" mi="0" ci="50" mb="0" cb="2"/><line nr="38" mi="0" ci="32" mb="0" cb="2"/><line nr="39" mi="0" ci="22" mb="0" cb="0"/><line nr="42" mi="0" ci="17" mb="0" cb="0"/><line nr="44" mi="0" ci="9" mb="0" cb="0"/><line nr="46" mi="0" ci="9" mb="0" cb="0"/><line nr="47" mi="0" ci="9" mb="0" cb="0"/><line nr="48" mi="0" ci="9" mb="0" cb="0"/><line nr="49" mi="0" ci="11" mb="0" cb="0"/><line nr="53" mi="0" ci="15" mb="0" cb="0"/><line nr="54" mi="0" ci="23" mb="0" cb="2"/><line nr="55" mi="0" ci="11" mb="0" cb="0"/><line nr="56" mi="0" ci="12" mb="0" cb="0"/><line nr="57" mi="0" ci="8" mb="0" cb="0"/><line nr="59" mi="0" ci="24" mb="0" cb="0"/><line nr="60" mi="0" ci="36" mb="0" cb="2"/><line nr="61" mi="0" ci="18" mb="0" cb="0"/><line nr="63" mi="0" ci="23" mb="0" cb="0"/><line nr="64" mi="0" ci="35" mb="0" cb="2"/><line nr="65" mi="0" ci="20" mb="0" cb="0"/><line nr="67" mi="0" ci="25" mb="0" cb="0"/><line nr="68" mi="0" ci="43" mb="0" cb="2"/><line nr="69" mi="0" ci="34" mb="0" cb="2"/><line nr="70" mi="0" ci="23" mb="0" cb="0"/><line nr="75" mi="8" ci="0" mb="0" cb="0"/><line nr="76" mi="9" ci="0" mb="0" cb="0"/><line nr="78" mi="30" ci="29" mb="5" cb="1"/><line nr="80" mi="18" ci="9" mb="0" cb="0"/><line nr="81" mi="24" ci="0" mb="0" cb="0"/><line nr="82" mi="27" ci="0" mb="0" cb="0"/><line nr="83" mi="41" ci="8" mb="0" cb="0"/><line nr="87" mi="0" ci="17" mb="0" cb="0"/><line nr="90" mi="10" ci="0" mb="0" cb="0"/><line nr="94" mi="0" ci="10" mb="0" cb="0"/><line nr="98" mi="42" ci="0" mb="2" cb="0"/><line nr="99" mi="17" ci="0" mb="0" cb="0"/><line nr="100" mi="18" ci="0" mb="0" cb="0"/><line nr="101" mi="32" ci="0" mb="2" cb="0"/><line nr="102" mi="20" ci="0" mb="0" cb="0"/><line nr="103" mi="34" ci="0" mb="2" cb="0"/><line nr="104" mi="22" ci="0" mb="0" cb="0"/><line nr="105" mi="18" ci="0" mb="0" cb="0"/><line nr="107" mi="18" ci="0" mb="0" cb="0"/><line nr="108" mi="8" ci="0" mb="0" cb="0"/><line nr="111" mi="42" ci="0" mb="2" cb="0"/><line nr="112" mi="17" ci="0" mb="0" cb="0"/><line nr="113" mi="18" ci="0" mb="0" cb="0"/><line nr="114" mi="38" ci="0" mb="2" cb="0"/><line nr="115" mi="20" ci="0" mb="0" cb="0"/><line nr="116" mi="34" ci="0" mb="2" cb="0"/><line nr="117" mi="22" ci="0" mb="0" cb="0"/><line nr="118" mi="18" ci="0" mb="0" cb="0"/><line nr="120" mi="18" ci="0" mb="0" cb="0"/><line nr="121" mi="8" ci="0" mb="0" cb="0"/><line nr="124" mi="42" ci="0" mb="2" cb="0"/><line nr="125" mi="17" ci="0" mb="0" cb="0"/><line nr="126" mi="18" ci="0" mb="0" cb="0"/><line nr="127" mi="34" ci="0" mb="2" cb="0"/><line nr="128" mi="20" ci="0" mb="0" cb="0"/><line nr="129" mi="34" ci="0" mb="2" cb="0"/><line nr="130" mi="22" ci="0" mb="0" cb="0"/><line nr="131" mi="18" ci="0" mb="0" cb="0"/><line nr="133" mi="18" ci="0" mb="0" cb="0"/><line nr="134" mi="8" ci="0" mb="0" cb="0"/><line nr="137" mi="23" ci="0" mb="2" cb="0"/><line nr="138" mi="9" ci="0" mb="0" cb="0"/><line nr="139" mi="24" ci="0" mb="0" cb="0"/><line nr="140" mi="15" ci="0" mb="0" cb="0"/><line nr="141" mi="34" ci="0" mb="2" cb="0"/><line nr="142" mi="15" ci="0" mb="0" cb="0"/><line nr="143" mi="19" ci="0" mb="0" cb="0"/><line nr="145" mi="18" ci="0" mb="0" cb="0"/><line nr="149" mi="9" ci="0" mb="0" cb="0"/><line nr="150" mi="43" ci="0" mb="2" cb="0"/><line nr="151" mi="25" ci="0" mb="2" cb="0"/><line nr="152" mi="9" ci="0" mb="0" cb="0"/><line nr="154" mi="30" ci="0" mb="2" cb="0"/><line nr="155" mi="9" ci="0" mb="0" cb="0"/><line nr="156" mi="24" ci="0" mb="0" cb="0"/><line nr="157" mi="12" ci="0" mb="0" cb="0"/><line nr="158" mi="34" ci="0" mb="2" cb="0"/><line nr="159" mi="15" ci="0" mb="0" cb="0"/><line nr="160" mi="19" ci="0" mb="0" cb="0"/><line nr="162" mi="18" ci="0" mb="0" cb="0"/><counter type="INSTRUCTION" missed="2234" covered="783"/><counter type="BRANCH" missed="36" covered="20"/><counter type="LINE" missed="60" covered="39"/><counter type="COMPLEXITY" missed="29" covered="14"/><counter type="METHOD" missed="10" covered="5"/><counter type="CLASS" missed="0" covered="1"/></sourcefile><counter type="INSTRUCTION" missed="2655" covered="783"/><counter type="BRANCH" missed="38" covered="20"/><counter type="LINE" missed="79" covered="39"/><counter type="COMPLEXITY" missed="37" covered="14"/><counter type="METHOD" missed="17" covered="5"/><counter type="CLASS" missed="1" covered="1"/></package><counter type="INSTRUCTION" missed="2655" covered="783"/><counter type="BRANCH" missed="38" covered="20"/><counter type="LINE" missed="79" covered="39"/><counter type="COMPLEXITY" missed="37" covered="14"/><counter type="METHOD" missed="17" covered="5"/><counter type="CLASS" missed="1" covered="1"/></report>